#
# There is insufficient memory for the Java Runtime Environment to continue.
# Native memory allocation (malloc) failed to allocate 1089104 bytes. Error detail: Chunk::new
# Possible reasons:
#   The system is out of physical RAM or swap space
#   This process is running with CompressedOops enabled, and the Java Heap may be blocking the growth of the native heap
# Possible solutions:
#   Reduce memory load on the system
#   Increase physical memory or swap space
#   Check if swap backing store is full
#   Decrease Java heap size (-Xmx/-Xms)
#   Decrease number of Java threads
#   Decrease Java thread stack sizes (-Xss)
#   Set larger code cache with -XX:ReservedCodeCacheSize=
#   JVM is running with Unscaled Compressed Oops mode in which the Java heap is
#     placed in the first 4GB address space. The Java Heap base address is the
#     maximum limit for the native heap growth. Please use -XX:HeapBaseMinAddress
#     to set the Java Heap base and to place the Java Heap above 4GB virtual address.
# This output file may be truncated or incomplete.
#
#  Out of Memory Error (arena.cpp:168), pid=15700, tid=11648
#
# JRE version: OpenJDK Runtime Environment Temurin-21.0.6+7 (21.0.6+7) (build 21.0.6+7-LTS)
# Java VM: OpenJDK 64-Bit Server VM Temurin-21.0.6+7 (21.0.6+7-LTS, mixed mode, sharing, tiered, compressed oops, compressed class ptrs, parallel gc, windows-amd64)
# No core dump will be written. Minidumps are not enabled by default on client versions of Windows
#

---------------  S U M M A R Y ------------

Command Line: --add-modules=ALL-SYSTEM --add-opens=java.base/java.util=ALL-UNNAMED --add-opens=java.base/java.lang=ALL-UNNAMED --add-opens=java.base/sun.nio.fs=ALL-UNNAMED -Declipse.application=org.eclipse.jdt.ls.core.id1 -Dosgi.bundles.defaultStartLevel=4 -Declipse.product=org.eclipse.jdt.ls.core.product -Djava.import.generatesMetadataFilesAtProjectRoot=false -DDetectVMInstallationsJob.disabled=true -Dfile.encoding=utf8 -XX:+UseParallelGC -XX:GCTimeRatio=4 -XX:AdaptiveSizePolicyWeight=90 -Dsun.zip.disableMemoryMapping=true -Xmx1G -Xms100m -Xlog:disable -javaagent:c:\Users\Admin\.vscode\extensions\redhat.java-1.41.1-win32-x64\lombok\lombok-1.18.36.jar -XX:+HeapDumpOnOutOfMemoryError -XX:HeapDumpPath=c:\Users\Admin\AppData\Roaming\Code\User\workspaceStorage\9417e68052fc2ca95afb1038ca31e9b9\redhat.java -Daether.dependencyCollector.impl=bf c:\Users\Admin\.vscode\extensions\redhat.java-1.41.1-win32-x64\server\plugins\org.eclipse.equinox.launcher_1.7.0.v20250331-1702.jar -configuration c:\Users\Admin\AppData\Roaming\Code\User\globalStorage\redhat.java\1.41.1\config_win -data c:\Users\Admin\AppData\Roaming\Code\User\workspaceStorage\9417e68052fc2ca95afb1038ca31e9b9\redhat.java\jdt_ws --pipe=\\.\pipe\lsp-1dfcbb0f6a6f6ec3dccec9ecb96b57ea-sock

Host: Intel(R) Core(TM) i7-10700 CPU @ 2.90GHz, 16 cores, 15G,  Windows 11 , 64 bit Build 26100 (10.0.26100.3912)
Time: Fri May  2 06:29:26 2025 Malay Peninsula Standard Time elapsed time: 7794.231437 seconds (0d 2h 9m 54s)

---------------  T H R E A D  ---------------

Current thread (0x000001c32505b360):  JavaThread "C2 CompilerThread0" daemon [_thread_in_native, id=11648, stack(0x00000090eba00000,0x00000090ebb00000) (1024K)]


Current CompileTask:
C2:7794231 28790       4       sun.reflect.generics.parser.SignatureParser::parsePackageNameAndSimpleClassTypeSignature (119 bytes)

Stack: [0x00000090eba00000,0x00000090ebb00000]
Native frames: (J=compiled Java code, j=interpreted, Vv=VM code, C=native code)
V  [jvm.dll+0x6cdee9]
V  [jvm.dll+0x8a83d1]
V  [jvm.dll+0x8aa8fe]
V  [jvm.dll+0x8aafe3]
V  [jvm.dll+0x27f706]
V  [jvm.dll+0xc500d]
V  [jvm.dll+0xc5543]
V  [jvm.dll+0x3b678c]
V  [jvm.dll+0x1e0009]
V  [jvm.dll+0x247b42]
V  [jvm.dll+0x246fcf]
V  [jvm.dll+0x1c75ee]
V  [jvm.dll+0x25685a]
V  [jvm.dll+0x254dfa]
V  [jvm.dll+0x3f0256]
V  [jvm.dll+0x851f8b]
V  [jvm.dll+0x6cc5ed]
C  [ucrtbase.dll+0x37b0]
C  [KERNEL32.DLL+0x2e8d7]
C  [ntdll.dll+0x9c5dc]


---------------  P R O C E S S  ---------------

Threads class SMR info:
_java_thread_list=0x000001c304e098d0, length=68, elements={
0x000001c324f9d270, 0x000001c3250443e0, 0x000001c33938e460, 0x000001c325046870,
0x000001c3250474c0, 0x000001c325048360, 0x000001c32504c7b0, 0x000001c32505b360,
0x000001c32505e920, 0x000001c32504e880, 0x000001c32504ef10, 0x000001c32504d4d0,
0x000001c32504e1f0, 0x000001c32504ce40, 0x000001c32504db60, 0x000001c32504f5a0,
0x000001c32504c120, 0x000001c37e45cb20, 0x000001c37e460630, 0x000001c37e45f280,
0x000001c37e461350, 0x000001c37e460cc0, 0x000001c37e45ebf0, 0x000001c37e4619e0,
0x000001c37e45e560, 0x000001c37e462d90, 0x000001c37e462070, 0x000001c37e463420,
0x000001c37e463ab0, 0x000001c37e462700, 0x000001c37e464140, 0x000001c305d5b2b0,
0x000001c305d5c660, 0x000001c305d59f00, 0x000001c305d5b940, 0x000001c305d5ccf0,
0x000001c305d59870, 0x000001c305d5bfd0, 0x000001c305d5a590, 0x000001c305d5e0a0,
0x000001c37fc6af70, 0x000001c37fc6a250, 0x000001c37fc67af0, 0x000001c37fc6b600,
0x000001c37fc6a8e0, 0x000001c37fc6c320, 0x000001c305d5f450, 0x000001c30c279890,
0x000001c30c27a5b0, 0x000001c30c27c680, 0x000001c30f559990, 0x000001c30f55ad40,
0x000001c30f557f50, 0x000001c30f55c0f0, 0x000001c30f55ba60, 0x000001c30f5578c0,
0x000001c30f5585e0, 0x000001c30f55a6b0, 0x000001c37fc66dd0, 0x000001c37fc67460,
0x000001c30c276aa0, 0x000001c30c277130, 0x000001c30c277e50, 0x000001c30c2777c0,
0x000001c30c2784e0, 0x000001c30c275060, 0x000001c30c2756f0, 0x000001c30d209690
}

Java Threads: ( => current thread )
  0x000001c324f9d270 JavaThread "main"                              [_thread_blocked, id=6312, stack(0x00000090eb000000,0x00000090eb100000) (1024K)]
  0x000001c3250443e0 JavaThread "Reference Handler"          daemon [_thread_blocked, id=8092, stack(0x00000090eb400000,0x00000090eb500000) (1024K)]
  0x000001c33938e460 JavaThread "Finalizer"                  daemon [_thread_blocked, id=7184, stack(0x00000090eb500000,0x00000090eb600000) (1024K)]
  0x000001c325046870 JavaThread "Signal Dispatcher"          daemon [_thread_blocked, id=14084, stack(0x00000090eb600000,0x00000090eb700000) (1024K)]
  0x000001c3250474c0 JavaThread "Attach Listener"            daemon [_thread_blocked, id=17792, stack(0x00000090eb700000,0x00000090eb800000) (1024K)]
  0x000001c325048360 JavaThread "Service Thread"             daemon [_thread_blocked, id=4928, stack(0x00000090eb800000,0x00000090eb900000) (1024K)]
  0x000001c32504c7b0 JavaThread "Monitor Deflation Thread"   daemon [_thread_blocked, id=13988, stack(0x00000090eb900000,0x00000090eba00000) (1024K)]
=>0x000001c32505b360 JavaThread "C2 CompilerThread0"         daemon [_thread_in_native, id=11648, stack(0x00000090eba00000,0x00000090ebb00000) (1024K)]
  0x000001c32505e920 JavaThread "C1 CompilerThread0"         daemon [_thread_blocked, id=19952, stack(0x00000090ebb00000,0x00000090ebc00000) (1024K)]
  0x000001c32504e880 JavaThread "Common-Cleaner"             daemon [_thread_blocked, id=14716, stack(0x00000090ebc00000,0x00000090ebd00000) (1024K)]
  0x000001c32504ef10 JavaThread "Notification Thread"        daemon [_thread_blocked, id=16592, stack(0x00000090ec100000,0x00000090ec200000) (1024K)]
  0x000001c32504d4d0 JavaThread "Active Thread: Equinox Container: d907c176-9fc5-4488-81b6-ff4e0d50dca1"        [_thread_blocked, id=10704, stack(0x00000090ecb00000,0x00000090ecc00000) (1024K)]
  0x000001c32504e1f0 JavaThread "Refresh Thread: Equinox Container: d907c176-9fc5-4488-81b6-ff4e0d50dca1" daemon [_thread_blocked, id=20272, stack(0x00000090ecd00000,0x00000090ece00000) (1024K)]
  0x000001c32504ce40 JavaThread "Framework Event Dispatcher: Equinox Container: d907c176-9fc5-4488-81b6-ff4e0d50dca1" daemon [_thread_blocked, id=12608, stack(0x00000090ece00000,0x00000090ecf00000) (1024K)]
  0x000001c32504db60 JavaThread "Start Level: Equinox Container: d907c176-9fc5-4488-81b6-ff4e0d50dca1" daemon [_thread_blocked, id=6944, stack(0x00000090ecf00000,0x00000090ed000000) (1024K)]
  0x000001c32504f5a0 JavaThread "Bundle File Closer"         daemon [_thread_blocked, id=18384, stack(0x00000090eca00000,0x00000090ecb00000) (1024K)]
  0x000001c32504c120 JavaThread "SCR Component Actor"        daemon [_thread_blocked, id=5432, stack(0x00000090ed300000,0x00000090ed400000) (1024K)]
  0x000001c37e45cb20 JavaThread "Worker-JM"                         [_thread_blocked, id=5124, stack(0x00000090ed600000,0x00000090ed700000) (1024K)]
  0x000001c37e460630 JavaThread "JNA Cleaner"                daemon [_thread_blocked, id=14932, stack(0x00000090ed800000,0x00000090ed900000) (1024K)]
  0x000001c37e45f280 JavaThread "Java indexing"              daemon [_thread_blocked, id=14032, stack(0x00000090edb00000,0x00000090edc00000) (1024K)]
  0x000001c37e461350 JavaThread "Thread-2"                   daemon [_thread_in_native, id=17260, stack(0x00000090ee200000,0x00000090ee300000) (1024K)]
  0x000001c37e460cc0 JavaThread "Thread-3"                   daemon [_thread_in_native, id=15664, stack(0x00000090ee300000,0x00000090ee400000) (1024K)]
  0x000001c37e45ebf0 JavaThread "Thread-4"                   daemon [_thread_in_native, id=18556, stack(0x00000090ee400000,0x00000090ee500000) (1024K)]
  0x000001c37e4619e0 JavaThread "Thread-5"                   daemon [_thread_in_native, id=15836, stack(0x00000090ee500000,0x00000090ee600000) (1024K)]
  0x000001c37e45e560 JavaThread "Thread-6"                   daemon [_thread_in_native, id=10820, stack(0x00000090ee600000,0x00000090ee700000) (1024K)]
  0x000001c37e462d90 JavaThread "Thread-7"                   daemon [_thread_in_native, id=7236, stack(0x00000090ee700000,0x00000090ee800000) (1024K)]
  0x000001c37e462070 JavaThread "Thread-8"                   daemon [_thread_in_native, id=4252, stack(0x00000090ee800000,0x00000090ee900000) (1024K)]
  0x000001c37e463420 JavaThread "Thread-9"                   daemon [_thread_in_native, id=7596, stack(0x00000090ee900000,0x00000090eea00000) (1024K)]
  0x000001c37e463ab0 JavaThread "Thread-10"                  daemon [_thread_in_native, id=18752, stack(0x00000090eea00000,0x00000090eeb00000) (1024K)]
  0x000001c37e462700 JavaThread "Thread-11"                  daemon [_thread_in_native, id=8828, stack(0x00000090eeb00000,0x00000090eec00000) (1024K)]
  0x000001c37e464140 JavaThread "Thread-12"                  daemon [_thread_in_native, id=17768, stack(0x00000090eec00000,0x00000090eed00000) (1024K)]
  0x000001c305d5b2b0 JavaThread "Thread-13"                  daemon [_thread_in_native, id=16032, stack(0x00000090eed00000,0x00000090eee00000) (1024K)]
  0x000001c305d5c660 JavaThread "Thread-14"                  daemon [_thread_in_native, id=2932, stack(0x00000090eee00000,0x00000090eef00000) (1024K)]
  0x000001c305d59f00 JavaThread "Thread-15"                  daemon [_thread_in_native, id=8428, stack(0x00000090eef00000,0x00000090ef000000) (1024K)]
  0x000001c305d5b940 JavaThread "Thread-16"                  daemon [_thread_in_native, id=8744, stack(0x00000090ef000000,0x00000090ef100000) (1024K)]
  0x000001c305d5ccf0 JavaThread "Thread-17"                  daemon [_thread_in_native, id=17528, stack(0x00000090ef100000,0x00000090ef200000) (1024K)]
  0x000001c305d59870 JavaThread "Thread-18"                  daemon [_thread_in_native, id=8032, stack(0x00000090ef200000,0x00000090ef300000) (1024K)]
  0x000001c305d5bfd0 JavaThread "pool-2-thread-1"                   [_thread_blocked, id=19556, stack(0x00000090ef300000,0x00000090ef400000) (1024K)]
  0x000001c305d5a590 JavaThread "WorkspaceEventsHandler"            [_thread_blocked, id=15284, stack(0x00000090efa00000,0x00000090efb00000) (1024K)]
  0x000001c305d5e0a0 JavaThread "pool-1-thread-1"                   [_thread_blocked, id=19116, stack(0x00000090efb00000,0x00000090efc00000) (1024K)]
  0x000001c37fc6af70 JavaThread "Java Debug Server"          daemon [_thread_in_native, id=18836, stack(0x00000090ebe00000,0x00000090ebf00000) (1024K)]
  0x000001c37fc6a250 JavaThread "pool-5-thread-1"                   [_thread_in_native, id=13580, stack(0x00000090f2d00000,0x00000090f2e00000) (1024K)]
  0x000001c37fc67af0 JavaThread "RxSchedulerPurge-1"         daemon [_thread_blocked, id=9532, stack(0x00000090f2e00000,0x00000090f2f00000) (1024K)]
  0x000001c37fc6b600 JavaThread "RxCachedWorkerPoolEvictor-1" daemon [_thread_blocked, id=13540, stack(0x00000090f2f00000,0x00000090f3000000) (1024K)]
  0x000001c37fc6a8e0 JavaThread "RxNewThreadScheduler-1"     daemon [_thread_blocked, id=13592, stack(0x00000090f3000000,0x00000090f3100000) (1024K)]
  0x000001c37fc6c320 JavaThread "process reaper (pid 10156)" daemon [_thread_in_native, id=20452, stack(0x00000090ead00000,0x00000090ead20000) (128K)]
  0x000001c305d5f450 JavaThread "Cleaner-0"                  daemon [_thread_blocked, id=16804, stack(0x00000090edc00000,0x00000090edd00000) (1024K)]
  0x000001c30c279890 JavaThread "ForkJoinPool.commonPool-worker-64" daemon [_thread_blocked, id=5760, stack(0x00000090ec200000,0x00000090ec300000) (1024K)]
  0x000001c30c27a5b0 JavaThread "ForkJoinPool.commonPool-worker-65" daemon [_thread_blocked, id=12716, stack(0x00000090ec900000,0x00000090eca00000) (1024K)]
  0x000001c30c27c680 JavaThread "ForkJoinPool.commonPool-worker-68" daemon [_thread_blocked, id=20344, stack(0x00000090edd00000,0x00000090ede00000) (1024K)]
  0x000001c30f559990 JavaThread "ForkJoinPool.commonPool-worker-71" daemon [_thread_blocked, id=12836, stack(0x00000090ee000000,0x00000090ee100000) (1024K)]
  0x000001c30f55ad40 JavaThread "ForkJoinPool.commonPool-worker-73" daemon [_thread_blocked, id=6580, stack(0x00000090ef400000,0x00000090ef500000) (1024K)]
  0x000001c30f557f50 JavaThread "ForkJoinPool.commonPool-worker-76" daemon [_thread_blocked, id=12748, stack(0x00000090ef700000,0x00000090ef800000) (1024K)]
  0x000001c30f55c0f0 JavaThread "ForkJoinPool.commonPool-worker-77" daemon [_thread_blocked, id=11420, stack(0x00000090ef800000,0x00000090ef900000) (1024K)]
  0x000001c30f55ba60 JavaThread "ForkJoinPool.commonPool-worker-78" daemon [_thread_blocked, id=14236, stack(0x00000090ef900000,0x00000090efa00000) (1024K)]
  0x000001c30f5578c0 JavaThread "ForkJoinPool.commonPool-worker-79" daemon [_thread_blocked, id=17788, stack(0x00000090eae20000,0x00000090eaf20000) (1024K)]
  0x000001c30f5585e0 JavaThread "ForkJoinPool.commonPool-worker-81" daemon [_thread_blocked, id=8152, stack(0x00000090ec000000,0x00000090ec100000) (1024K)]
  0x000001c30f55a6b0 JavaThread "ForkJoinPool.commonPool-worker-83" daemon [_thread_blocked, id=1336, stack(0x00000090ed400000,0x00000090ed500000) (1024K)]
  0x000001c37fc66dd0 JavaThread "ForkJoinPool.commonPool-worker-85" daemon [_thread_blocked, id=16012, stack(0x00000090ef500000,0x00000090ef600000) (1024K)]
  0x000001c37fc67460 JavaThread "Compiler Source File Reader" daemon [_thread_blocked, id=15940, stack(0x00000090efe00000,0x00000090eff00000) (1024K)]
  0x000001c30c276aa0 JavaThread "Compiler Source File Reader" daemon [_thread_blocked, id=6472, stack(0x00000090f0000000,0x00000090f0100000) (1024K)]
  0x000001c30c277130 JavaThread "Worker-102"                        [_thread_blocked, id=20028, stack(0x00000090ebd00000,0x00000090ebe00000) (1024K)]
  0x000001c30c277e50 JavaThread "Compiler Source File Reader" daemon [_thread_blocked, id=8928, stack(0x00000090ef600000,0x00000090ef700000) (1024K)]
  0x000001c30c2777c0 JavaThread "Worker-104"                        [_thread_blocked, id=7700, stack(0x00000090ed900000,0x00000090eda00000) (1024K)]
  0x000001c30c2784e0 JavaThread "Worker-106"                        [_thread_blocked, id=5300, stack(0x00000090ead20000,0x00000090eae20000) (1024K)]
  0x000001c30c275060 JavaThread "Worker-107"                        [_thread_blocked, id=19284, stack(0x00000090ebf00000,0x00000090ec000000) (1024K)]
  0x000001c30c2756f0 JavaThread "Worker-108"                        [_thread_blocked, id=20472, stack(0x00000090eda00000,0x00000090edb00000) (1024K)]
  0x000001c30d209690 JavaThread "C1 CompilerThread1"         daemon [_thread_blocked, id=10952, stack(0x00000090ede00000,0x00000090edf00000) (1024K)]
Total: 68

Other Threads:
  0x000001c339374920 VMThread "VM Thread"                           [id=16088, stack(0x00000090eb300000,0x00000090eb400000) (1024K)]
  0x000001c33926ca00 WatcherThread "VM Periodic Task Thread"        [id=11960, stack(0x00000090eb200000,0x00000090eb300000) (1024K)]
  0x000001c324fbbb50 WorkerThread "GC Thread#0"                     [id=15108, stack(0x00000090eb100000,0x00000090eb200000) (1024K)]
  0x000001c37dbc8210 WorkerThread "GC Thread#1"                     [id=17900, stack(0x00000090ec300000,0x00000090ec400000) (1024K)]
  0x000001c37d780cb0 WorkerThread "GC Thread#2"                     [id=19904, stack(0x00000090ec400000,0x00000090ec500000) (1024K)]
  0x000001c37d781050 WorkerThread "GC Thread#3"                     [id=7840, stack(0x00000090ec500000,0x00000090ec600000) (1024K)]
  0x000001c37d257a80 WorkerThread "GC Thread#4"                     [id=15704, stack(0x00000090ec600000,0x00000090ec700000) (1024K)]
  0x000001c37d258220 WorkerThread "GC Thread#5"                     [id=14404, stack(0x00000090ec700000,0x00000090ec800000) (1024K)]
  0x000001c37d8cf790 WorkerThread "GC Thread#6"                     [id=19912, stack(0x00000090ec800000,0x00000090ec900000) (1024K)]
  0x000001c37d859250 WorkerThread "GC Thread#7"                     [id=16856, stack(0x00000090ecc00000,0x00000090ecd00000) (1024K)]
  0x000001c37d8595f0 WorkerThread "GC Thread#8"                     [id=15956, stack(0x00000090ed000000,0x00000090ed100000) (1024K)]
  0x000001c37d859990 WorkerThread "GC Thread#9"                     [id=15144, stack(0x00000090ed100000,0x00000090ed200000) (1024K)]
  0x000001c37d859d30 WorkerThread "GC Thread#10"                    [id=1460, stack(0x00000090ed200000,0x00000090ed300000) (1024K)]
  0x000001c37e1d08f0 WorkerThread "GC Thread#11"                    [id=14492, stack(0x00000090ed500000,0x00000090ed600000) (1024K)]
  0x000001c37e1cf330 WorkerThread "GC Thread#12"                    [id=2260, stack(0x00000090ed700000,0x00000090ed800000) (1024K)]
Total: 15

Threads with active compile tasks:
C2 CompilerThread0  7794258 28790       4       sun.reflect.generics.parser.SignatureParser::parsePackageNameAndSimpleClassTypeSignature (119 bytes)
Total: 1

VM state: not at safepoint (normal execution)

VM Mutex/Monitor currently owned by a thread: None

Heap address: 0x00000000c0000000, size: 1024 MB, Compressed Oops mode: 32-bit

CDS archive(s) mapped at: [0x000001c33a000000-0x000001c33aba0000-0x000001c33aba0000), size 12189696, SharedBaseAddress: 0x000001c33a000000, ArchiveRelocationMode: 1.
Compressed class space mapped at: 0x000001c33b000000-0x000001c37b000000, reserved size: 1073741824
Narrow klass base: 0x000001c33a000000, Narrow klass shift: 0, Narrow klass range: 0x100000000

GC Precious Log:
 CardTable entry size: 512
 CPUs: 16 total, 16 available
 Memory: 16280M
 Large Page Support: Disabled
 NUMA Support: Disabled
 Compressed Oops: Enabled (32-bit)
 Alignments: Space 512K, Generation 512K, Heap 2M
 Heap Min Capacity: 100M
 Heap Initial Capacity: 100M
 Heap Max Capacity: 1G
 Pre-touch: Disabled
 Parallel Workers: 13

Heap:
 PSYoungGen      total 6144K, used 2085K [0x00000000eab00000, 0x00000000eb200000, 0x0000000100000000)
  eden space 5120K, 29% used [0x00000000eab00000,0x00000000eac796b0,0x00000000eb000000)
  from space 1024K, 56% used [0x00000000eb000000,0x00000000eb090020,0x00000000eb100000)
  to   space 1024K, 0% used [0x00000000eb100000,0x00000000eb100000,0x00000000eb200000)
 ParOldGen       total 604672K, used 604663K [0x00000000c0000000, 0x00000000e4e80000, 0x00000000eab00000)
  object space 604672K, 99% used [0x00000000c0000000,0x00000000e4e7df30,0x00000000e4e80000)
 Metaspace       used 98778K, committed 100608K, reserved 1179648K
  class space    used 9763K, committed 10688K, reserved 1048576K

Card table byte_map: [0x000001c324940000,0x000001c324b50000] _byte_map_base: 0x000001c324340000

Marking Bits: (ParMarkBitMap*) 0x00007ff93b4a3260
 Begin Bits: [0x000001c337190000, 0x000001c338190000)
 End Bits:   [0x000001c338190000, 0x000001c339190000)

Polling page: 0x000001c322e60000

Metaspace:

Usage:
  Non-class:     86.93 MB used.
      Class:      9.53 MB used.
       Both:     96.46 MB used.

Virtual space:
  Non-class space:      128.00 MB reserved,      87.81 MB ( 69%) committed,  2 nodes.
      Class space:        1.00 GB reserved,      10.44 MB (  1%) committed,  1 nodes.
             Both:        1.12 GB reserved,      98.25 MB (  9%) committed. 

Chunk freelists:
   Non-Class:  7.91 MB
       Class:  5.67 MB
        Both:  13.59 MB

MaxMetaspaceSize: unlimited
CompressedClassSpaceSize: 1.00 GB
Initial GC threshold: 21.00 MB
Current GC threshold: 163.56 MB
CDS: on
 - commit_granule_bytes: 65536.
 - commit_granule_words: 8192.
 - virtual_space_node_default_size: 8388608.
 - enlarge_chunks_in_place: 1.
 - use_allocation_guard: 0.


Internal statistics:

num_allocs_failed_limit: 9.
num_arena_births: 2200.
num_arena_deaths: 656.
num_vsnodes_births: 3.
num_vsnodes_deaths: 0.
num_space_committed: 1583.
num_space_uncommitted: 10.
num_chunks_returned_to_freelist: 877.
num_chunks_taken_from_freelist: 7541.
num_chunk_merges: 206.
num_chunk_splits: 4208.
num_chunks_enlarged: 2244.
num_inconsistent_stats: 0.

CodeHeap 'non-profiled nmethods': size=119168Kb used=22033Kb max_used=25415Kb free=97135Kb
 bounds [0x000001c32fd30000, 0x000001c331630000, 0x000001c337190000]
CodeHeap 'profiled nmethods': size=119104Kb used=40397Kb max_used=48383Kb free=78706Kb
 bounds [0x000001c328190000, 0x000001c32b0e0000, 0x000001c32f5e0000]
CodeHeap 'non-nmethods': size=7488Kb used=2113Kb max_used=3382Kb free=5375Kb
 bounds [0x000001c32f5e0000, 0x000001c32f950000, 0x000001c32fd30000]
 total_blobs=18143 nmethods=17269 adapters=773
 compilation: enabled
              stopped_count=0, restarted_count=0
 full_count=0

Compilation events (20 events):
Event: 7793.102 Thread 0x000001c30d209690 28782       1       org.apache.maven.execution.DefaultMavenExecutionRequest::isRecursive (5 bytes)
Event: 7793.102 Thread 0x000001c30d209690 nmethod 28782 0x000001c330bde790 code [0x000001c330bde920, 0x000001c330bde9f0]
Event: 7793.102 Thread 0x000001c32505e920 nmethod 28781 0x000001c330c7d590 code [0x000001c330c7d720, 0x000001c330c7d7e8]
Event: 7793.102 Thread 0x000001c30d209690 28783       1       org.apache.maven.execution.DefaultMavenExecutionRequest::isShowErrors (5 bytes)
Event: 7793.102 Thread 0x000001c32505e920 28784       1       org.apache.maven.execution.DefaultMavenExecutionRequest::getLoggingLevel (5 bytes)
Event: 7793.102 Thread 0x000001c32505e920 nmethod 28784 0x000001c330d5a610 code [0x000001c330d5a7a0, 0x000001c330d5a868]
Event: 7793.102 Thread 0x000001c30d209690 nmethod 28783 0x000001c330eb8310 code [0x000001c330eb84a0, 0x000001c330eb8570]
Event: 7793.102 Thread 0x000001c32505e920 28785       1       org.apache.maven.execution.DefaultMavenExecutionRequest::getExecutionListener (5 bytes)
Event: 7793.102 Thread 0x000001c30d209690 28786       1       org.apache.maven.execution.DefaultMavenExecutionRequest::isUseLegacyLocalRepository (5 bytes)
Event: 7793.102 Thread 0x000001c30d209690 nmethod 28786 0x000001c330ec8e90 code [0x000001c330ec9020, 0x000001c330ec90f0]
Event: 7793.102 Thread 0x000001c32505e920 nmethod 28785 0x000001c330ecc510 code [0x000001c330ecc6a0, 0x000001c330ecc770]
Event: 7793.102 Thread 0x000001c30d209690 28787       1       org.apache.maven.execution.DefaultMavenExecutionRequest::getBuilderId (5 bytes)
Event: 7793.102 Thread 0x000001c32505e920 28788       1       org.apache.maven.execution.DefaultMavenExecutionRequest::getMultiModuleProjectDirectory (5 bytes)
Event: 7793.102 Thread 0x000001c32505e920 nmethod 28788 0x000001c330ed0610 code [0x000001c330ed07a0, 0x000001c330ed0868]
Event: 7793.102 Thread 0x000001c30d209690 nmethod 28787 0x000001c330ef3310 code [0x000001c330ef34a0, 0x000001c330ef3570]
Event: 7793.102 Thread 0x000001c30d209690 28789       1       org.apache.maven.project.MavenProject::getRemoteProjectRepositories (5 bytes)
Event: 7793.102 Thread 0x000001c30d209690 nmethod 28789 0x000001c330f17c10 code [0x000001c330f17da0, 0x000001c330f17e68]
Event: 7793.102 Thread 0x000001c32505b360 28790       4       sun.reflect.generics.parser.SignatureParser::parsePackageNameAndSimpleClassTypeSignature (119 bytes)
Event: 7793.144 Thread 0x000001c30d209690 28791       1       org.eclipse.core.internal.resources.ProjectDescription::getLocationURI (5 bytes)
Event: 7793.144 Thread 0x000001c30d209690 nmethod 28791 0x000001c330f19d10 code [0x000001c330f19ea0, 0x000001c330f19f68]

GC Heap History (20 events):
Event: 7592.538 GC heap before
{Heap before GC invocations=6148 (full 9):
 PSYoungGen      total 5632K, used 5529K [0x00000000eab00000, 0x00000000eb280000, 0x0000000100000000)
  eden space 5120K, 99% used [0x00000000eab00000,0x00000000eaffe780,0x00000000eb000000)
  from space 512K, 81% used [0x00000000eb180000,0x00000000eb1e8000,0x00000000eb200000)
  to   space 512K, 0% used [0x00000000eb200000,0x00000000eb200000,0x00000000eb280000)
 ParOldGen       total 603648K, used 603230K [0x00000000c0000000, 0x00000000e4d80000, 0x00000000eab00000)
  object space 603648K, 99% used [0x00000000c0000000,0x00000000e4d17b38,0x00000000e4d80000)
 Metaspace       used 98744K, committed 100608K, reserved 1179648K
  class space    used 9763K, committed 10688K, reserved 1048576K
}
Event: 7592.539 GC heap after
{Heap after GC invocations=6148 (full 9):
 PSYoungGen      total 5632K, used 442K [0x00000000eab00000, 0x00000000eb280000, 0x0000000100000000)
  eden space 5120K, 0% used [0x00000000eab00000,0x00000000eab00000,0x00000000eb000000)
  from space 512K, 86% used [0x00000000eb200000,0x00000000eb26e900,0x00000000eb280000)
  to   space 512K, 0% used [0x00000000eb180000,0x00000000eb180000,0x00000000eb200000)
 ParOldGen       total 603648K, used 603326K [0x00000000c0000000, 0x00000000e4d80000, 0x00000000eab00000)
  object space 603648K, 99% used [0x00000000c0000000,0x00000000e4d2fa50,0x00000000e4d80000)
 Metaspace       used 98744K, committed 100608K, reserved 1179648K
  class space    used 9763K, committed 10688K, reserved 1048576K
}
Event: 7592.546 GC heap before
{Heap before GC invocations=6149 (full 9):
 PSYoungGen      total 5632K, used 5562K [0x00000000eab00000, 0x00000000eb280000, 0x0000000100000000)
  eden space 5120K, 100% used [0x00000000eab00000,0x00000000eb000000,0x00000000eb000000)
  from space 512K, 86% used [0x00000000eb200000,0x00000000eb26e900,0x00000000eb280000)
  to   space 512K, 0% used [0x00000000eb180000,0x00000000eb180000,0x00000000eb200000)
 ParOldGen       total 603648K, used 603326K [0x00000000c0000000, 0x00000000e4d80000, 0x00000000eab00000)
  object space 603648K, 99% used [0x00000000c0000000,0x00000000e4d2fa50,0x00000000e4d80000)
 Metaspace       used 98744K, committed 100608K, reserved 1179648K
  class space    used 9763K, committed 10688K, reserved 1048576K
}
Event: 7592.547 GC heap after
{Heap after GC invocations=6149 (full 9):
 PSYoungGen      total 5632K, used 192K [0x00000000eab00000, 0x00000000eb280000, 0x0000000100000000)
  eden space 5120K, 0% used [0x00000000eab00000,0x00000000eab00000,0x00000000eb000000)
  from space 512K, 37% used [0x00000000eb180000,0x00000000eb1b0000,0x00000000eb200000)
  to   space 512K, 0% used [0x00000000eb200000,0x00000000eb200000,0x00000000eb280000)
 ParOldGen       total 603648K, used 603478K [0x00000000c0000000, 0x00000000e4d80000, 0x00000000eab00000)
  object space 603648K, 99% used [0x00000000c0000000,0x00000000e4d55a50,0x00000000e4d80000)
 Metaspace       used 98744K, committed 100608K, reserved 1179648K
  class space    used 9763K, committed 10688K, reserved 1048576K
}
Event: 7788.297 GC heap before
{Heap before GC invocations=6150 (full 9):
 PSYoungGen      total 5632K, used 5311K [0x00000000eab00000, 0x00000000eb280000, 0x0000000100000000)
  eden space 5120K, 99% used [0x00000000eab00000,0x00000000eafffff8,0x00000000eb000000)
  from space 512K, 37% used [0x00000000eb180000,0x00000000eb1b0000,0x00000000eb200000)
  to   space 512K, 0% used [0x00000000eb200000,0x00000000eb200000,0x00000000eb280000)
 ParOldGen       total 603648K, used 603478K [0x00000000c0000000, 0x00000000e4d80000, 0x00000000eab00000)
  object space 603648K, 99% used [0x00000000c0000000,0x00000000e4d55a50,0x00000000e4d80000)
 Metaspace       used 98774K, committed 100608K, reserved 1179648K
  class space    used 9763K, committed 10688K, reserved 1048576K
}
Event: 7788.298 GC heap after
{Heap after GC invocations=6150 (full 9):
 PSYoungGen      total 5632K, used 480K [0x00000000eab00000, 0x00000000eb280000, 0x0000000100000000)
  eden space 5120K, 0% used [0x00000000eab00000,0x00000000eab00000,0x00000000eb000000)
  from space 512K, 93% used [0x00000000eb200000,0x00000000eb278020,0x00000000eb280000)
  to   space 1024K, 0% used [0x00000000eb080000,0x00000000eb080000,0x00000000eb180000)
 ParOldGen       total 603648K, used 603486K [0x00000000c0000000, 0x00000000e4d80000, 0x00000000eab00000)
  object space 603648K, 99% used [0x00000000c0000000,0x00000000e4d57a50,0x00000000e4d80000)
 Metaspace       used 98774K, committed 100608K, reserved 1179648K
  class space    used 9763K, committed 10688K, reserved 1048576K
}
Event: 7788.824 GC heap before
{Heap before GC invocations=6151 (full 9):
 PSYoungGen      total 5632K, used 5599K [0x00000000eab00000, 0x00000000eb280000, 0x0000000100000000)
  eden space 5120K, 99% used [0x00000000eab00000,0x00000000eaffffd0,0x00000000eb000000)
  from space 512K, 93% used [0x00000000eb200000,0x00000000eb278020,0x00000000eb280000)
  to   space 1024K, 0% used [0x00000000eb080000,0x00000000eb080000,0x00000000eb180000)
 ParOldGen       total 603648K, used 603486K [0x00000000c0000000, 0x00000000e4d80000, 0x00000000eab00000)
  object space 603648K, 99% used [0x00000000c0000000,0x00000000e4d57a50,0x00000000e4d80000)
 Metaspace       used 98774K, committed 100608K, reserved 1179648K
  class space    used 9763K, committed 10688K, reserved 1048576K
}
Event: 7788.825 GC heap after
{Heap after GC invocations=6151 (full 9):
 PSYoungGen      total 6144K, used 794K [0x00000000eab00000, 0x00000000eb280000, 0x0000000100000000)
  eden space 5120K, 0% used [0x00000000eab00000,0x00000000eab00000,0x00000000eb000000)
  from space 1024K, 77% used [0x00000000eb080000,0x00000000eb146920,0x00000000eb180000)
  to   space 1024K, 0% used [0x00000000eb180000,0x00000000eb180000,0x00000000eb280000)
 ParOldGen       total 604160K, used 603734K [0x00000000c0000000, 0x00000000e4e00000, 0x00000000eab00000)
  object space 604160K, 99% used [0x00000000c0000000,0x00000000e4d95a80,0x00000000e4e00000)
 Metaspace       used 98774K, committed 100608K, reserved 1179648K
  class space    used 9763K, committed 10688K, reserved 1048576K
}
Event: 7788.838 GC heap before
{Heap before GC invocations=6152 (full 9):
 PSYoungGen      total 6144K, used 5914K [0x00000000eab00000, 0x00000000eb280000, 0x0000000100000000)
  eden space 5120K, 100% used [0x00000000eab00000,0x00000000eb000000,0x00000000eb000000)
  from space 1024K, 77% used [0x00000000eb080000,0x00000000eb146920,0x00000000eb180000)
  to   space 1024K, 0% used [0x00000000eb180000,0x00000000eb180000,0x00000000eb280000)
 ParOldGen       total 604160K, used 603734K [0x00000000c0000000, 0x00000000e4e00000, 0x00000000eab00000)
  object space 604160K, 99% used [0x00000000c0000000,0x00000000e4d95a80,0x00000000e4e00000)
 Metaspace       used 98774K, committed 100608K, reserved 1179648K
  class space    used 9763K, committed 10688K, reserved 1048576K
}
Event: 7788.838 GC heap after
{Heap after GC invocations=6152 (full 9):
 PSYoungGen      total 6144K, used 650K [0x00000000eab00000, 0x00000000eb280000, 0x0000000100000000)
  eden space 5120K, 0% used [0x00000000eab00000,0x00000000eab00000,0x00000000eb000000)
  from space 1024K, 63% used [0x00000000eb180000,0x00000000eb222910,0x00000000eb280000)
  to   space 1024K, 0% used [0x00000000eb080000,0x00000000eb080000,0x00000000eb180000)
 ParOldGen       total 604160K, used 603902K [0x00000000c0000000, 0x00000000e4e00000, 0x00000000eab00000)
  object space 604160K, 99% used [0x00000000c0000000,0x00000000e4dbfaa0,0x00000000e4e00000)
 Metaspace       used 98774K, committed 100608K, reserved 1179648K
  class space    used 9763K, committed 10688K, reserved 1048576K
}
Event: 7788.851 GC heap before
{Heap before GC invocations=6153 (full 9):
 PSYoungGen      total 6144K, used 5770K [0x00000000eab00000, 0x00000000eb280000, 0x0000000100000000)
  eden space 5120K, 100% used [0x00000000eab00000,0x00000000eb000000,0x00000000eb000000)
  from space 1024K, 63% used [0x00000000eb180000,0x00000000eb222910,0x00000000eb280000)
  to   space 1024K, 0% used [0x00000000eb080000,0x00000000eb080000,0x00000000eb180000)
 ParOldGen       total 604160K, used 603902K [0x00000000c0000000, 0x00000000e4e00000, 0x00000000eab00000)
  object space 604160K, 99% used [0x00000000c0000000,0x00000000e4dbfaa0,0x00000000e4e00000)
 Metaspace       used 98774K, committed 100608K, reserved 1179648K
  class space    used 9763K, committed 10688K, reserved 1048576K
}
Event: 7788.852 GC heap after
{Heap after GC invocations=6153 (full 9):
 PSYoungGen      total 6144K, used 416K [0x00000000eab00000, 0x00000000eb200000, 0x0000000100000000)
  eden space 5120K, 0% used [0x00000000eab00000,0x00000000eab00000,0x00000000eb000000)
  from space 1024K, 40% used [0x00000000eb080000,0x00000000eb0e8000,0x00000000eb180000)
  to   space 512K, 0% used [0x00000000eb180000,0x00000000eb180000,0x00000000eb200000)
 ParOldGen       total 604160K, used 603902K [0x00000000c0000000, 0x00000000e4e00000, 0x00000000eab00000)
  object space 604160K, 99% used [0x00000000c0000000,0x00000000e4dbfaa0,0x00000000e4e00000)
 Metaspace       used 98774K, committed 100608K, reserved 1179648K
  class space    used 9763K, committed 10688K, reserved 1048576K
}
Event: 7788.864 GC heap before
{Heap before GC invocations=6154 (full 9):
 PSYoungGen      total 6144K, used 5536K [0x00000000eab00000, 0x00000000eb200000, 0x0000000100000000)
  eden space 5120K, 100% used [0x00000000eab00000,0x00000000eb000000,0x00000000eb000000)
  from space 1024K, 40% used [0x00000000eb080000,0x00000000eb0e8000,0x00000000eb180000)
  to   space 512K, 0% used [0x00000000eb180000,0x00000000eb180000,0x00000000eb200000)
 ParOldGen       total 604160K, used 603902K [0x00000000c0000000, 0x00000000e4e00000, 0x00000000eab00000)
  object space 604160K, 99% used [0x00000000c0000000,0x00000000e4dbfaa0,0x00000000e4e00000)
 Metaspace       used 98774K, committed 100608K, reserved 1179648K
  class space    used 9763K, committed 10688K, reserved 1048576K
}
Event: 7788.865 GC heap after
{Heap after GC invocations=6154 (full 9):
 PSYoungGen      total 5632K, used 496K [0x00000000eab00000, 0x00000000eb200000, 0x0000000100000000)
  eden space 5120K, 0% used [0x00000000eab00000,0x00000000eab00000,0x00000000eb000000)
  from space 512K, 96% used [0x00000000eb180000,0x00000000eb1fc010,0x00000000eb200000)
  to   space 1024K, 0% used [0x00000000eb000000,0x00000000eb000000,0x00000000eb100000)
 ParOldGen       total 604160K, used 603918K [0x00000000c0000000, 0x00000000e4e00000, 0x00000000eab00000)
  object space 604160K, 99% used [0x00000000c0000000,0x00000000e4dc3aa0,0x00000000e4e00000)
 Metaspace       used 98774K, committed 100608K, reserved 1179648K
  class space    used 9763K, committed 10688K, reserved 1048576K
}
Event: 7788.875 GC heap before
{Heap before GC invocations=6155 (full 9):
 PSYoungGen      total 5632K, used 5616K [0x00000000eab00000, 0x00000000eb200000, 0x0000000100000000)
  eden space 5120K, 100% used [0x00000000eab00000,0x00000000eb000000,0x00000000eb000000)
  from space 512K, 96% used [0x00000000eb180000,0x00000000eb1fc010,0x00000000eb200000)
  to   space 1024K, 0% used [0x00000000eb000000,0x00000000eb000000,0x00000000eb100000)
 ParOldGen       total 604160K, used 603918K [0x00000000c0000000, 0x00000000e4e00000, 0x00000000eab00000)
  object space 604160K, 99% used [0x00000000c0000000,0x00000000e4dc3aa0,0x00000000e4e00000)
 Metaspace       used 98774K, committed 100608K, reserved 1179648K
  class space    used 9763K, committed 10688K, reserved 1048576K
}
Event: 7788.876 GC heap after
{Heap after GC invocations=6155 (full 9):
 PSYoungGen      total 6144K, used 468K [0x00000000eab00000, 0x00000000eb200000, 0x0000000100000000)
  eden space 5120K, 0% used [0x00000000eab00000,0x00000000eab00000,0x00000000eb000000)
  from space 1024K, 45% used [0x00000000eb000000,0x00000000eb075200,0x00000000eb100000)
  to   space 512K, 0% used [0x00000000eb180000,0x00000000eb180000,0x00000000eb200000)
 ParOldGen       total 604160K, used 603982K [0x00000000c0000000, 0x00000000e4e00000, 0x00000000eab00000)
  object space 604160K, 99% used [0x00000000c0000000,0x00000000e4dd3aa0,0x00000000e4e00000)
 Metaspace       used 98774K, committed 100608K, reserved 1179648K
  class space    used 9763K, committed 10688K, reserved 1048576K
}
Event: 7788.884 GC heap before
{Heap before GC invocations=6156 (full 9):
 PSYoungGen      total 6144K, used 5588K [0x00000000eab00000, 0x00000000eb200000, 0x0000000100000000)
  eden space 5120K, 100% used [0x00000000eab00000,0x00000000eb000000,0x00000000eb000000)
  from space 1024K, 45% used [0x00000000eb000000,0x00000000eb075200,0x00000000eb100000)
  to   space 512K, 0% used [0x00000000eb180000,0x00000000eb180000,0x00000000eb200000)
 ParOldGen       total 604160K, used 603982K [0x00000000c0000000, 0x00000000e4e00000, 0x00000000eab00000)
  object space 604160K, 99% used [0x00000000c0000000,0x00000000e4dd3aa0,0x00000000e4e00000)
 Metaspace       used 98774K, committed 100608K, reserved 1179648K
  class space    used 9763K, committed 10688K, reserved 1048576K
}
Event: 7788.885 GC heap after
{Heap after GC invocations=6156 (full 9):
 PSYoungGen      total 5632K, used 496K [0x00000000eab00000, 0x00000000eb200000, 0x0000000100000000)
  eden space 5120K, 0% used [0x00000000eab00000,0x00000000eab00000,0x00000000eb000000)
  from space 512K, 96% used [0x00000000eb180000,0x00000000eb1fc010,0x00000000eb200000)
  to   space 1024K, 0% used [0x00000000eb000000,0x00000000eb000000,0x00000000eb100000)
 ParOldGen       total 604672K, used 604199K [0x00000000c0000000, 0x00000000e4e80000, 0x00000000eab00000)
  object space 604672K, 99% used [0x00000000c0000000,0x00000000e4e09f20,0x00000000e4e80000)
 Metaspace       used 98774K, committed 100608K, reserved 1179648K
  class space    used 9763K, committed 10688K, reserved 1048576K
}
Event: 7793.118 GC heap before
{Heap before GC invocations=6157 (full 9):
 PSYoungGen      total 5632K, used 5616K [0x00000000eab00000, 0x00000000eb200000, 0x0000000100000000)
  eden space 5120K, 100% used [0x00000000eab00000,0x00000000eb000000,0x00000000eb000000)
  from space 512K, 96% used [0x00000000eb180000,0x00000000eb1fc010,0x00000000eb200000)
  to   space 1024K, 0% used [0x00000000eb000000,0x00000000eb000000,0x00000000eb100000)
 ParOldGen       total 604672K, used 604199K [0x00000000c0000000, 0x00000000e4e80000, 0x00000000eab00000)
  object space 604672K, 99% used [0x00000000c0000000,0x00000000e4e09f20,0x00000000e4e80000)
 Metaspace       used 98778K, committed 100608K, reserved 1179648K
  class space    used 9763K, committed 10688K, reserved 1048576K
}
Event: 7793.119 GC heap after
{Heap after GC invocations=6157 (full 9):
 PSYoungGen      total 6144K, used 576K [0x00000000eab00000, 0x00000000eb200000, 0x0000000100000000)
  eden space 5120K, 0% used [0x00000000eab00000,0x00000000eab00000,0x00000000eb000000)
  from space 1024K, 56% used [0x00000000eb000000,0x00000000eb090020,0x00000000eb100000)
  to   space 1024K, 0% used [0x00000000eb100000,0x00000000eb100000,0x00000000eb200000)
 ParOldGen       total 604672K, used 604663K [0x00000000c0000000, 0x00000000e4e80000, 0x00000000eab00000)
  object space 604672K, 99% used [0x00000000c0000000,0x00000000e4e7df30,0x00000000e4e80000)
 Metaspace       used 98778K, committed 100608K, reserved 1179648K
  class space    used 9763K, committed 10688K, reserved 1048576K
}

Dll operation events (12 events):
Event: 0.009 Loaded shared library c:\Users\Admin\.vscode\extensions\redhat.java-1.41.1-win32-x64\jre\21.0.6-win32-x86_64\bin\java.dll
Event: 0.075 Loaded shared library c:\Users\Admin\.vscode\extensions\redhat.java-1.41.1-win32-x64\jre\21.0.6-win32-x86_64\bin\zip.dll
Event: 0.095 Loaded shared library C:\Users\Admin\.vscode\extensions\redhat.java-1.41.1-win32-x64\jre\21.0.6-win32-x86_64\bin\instrument.dll
Event: 0.099 Loaded shared library C:\Users\Admin\.vscode\extensions\redhat.java-1.41.1-win32-x64\jre\21.0.6-win32-x86_64\bin\net.dll
Event: 0.101 Loaded shared library C:\Users\Admin\.vscode\extensions\redhat.java-1.41.1-win32-x64\jre\21.0.6-win32-x86_64\bin\nio.dll
Event: 0.103 Loaded shared library C:\Users\Admin\.vscode\extensions\redhat.java-1.41.1-win32-x64\jre\21.0.6-win32-x86_64\bin\zip.dll
Event: 0.117 Loaded shared library C:\Users\Admin\.vscode\extensions\redhat.java-1.41.1-win32-x64\jre\21.0.6-win32-x86_64\bin\jimage.dll
Event: 0.180 Loaded shared library c:\Users\Admin\.vscode\extensions\redhat.java-1.41.1-win32-x64\jre\21.0.6-win32-x86_64\bin\verify.dll
Event: 1.127 Loaded shared library C:\Users\Admin\AppData\Roaming\Code\User\globalStorage\redhat.java\1.41.1\config_win\org.eclipse.equinox.launcher\org.eclipse.equinox.launcher.win32.win32.x86_64_1.2.1300.v20250331-1702\eclipse_11911.dll
Event: 2.206 Loaded shared library C:\Users\Admin\AppData\Local\Temp\jna--626380378\jna15866050412781068096.dll
Event: 31.553 Loaded shared library C:\Users\Admin\.vscode\extensions\redhat.java-1.41.1-win32-x64\jre\21.0.6-win32-x86_64\bin\extnet.dll
Event: 1458.075 Loaded shared library C:\Users\Admin\.vscode\extensions\redhat.java-1.41.1-win32-x64\jre\21.0.6-win32-x86_64\bin\sunmscapi.dll

Deoptimization events (20 events):
Event: 7589.248 Thread 0x000001c305d5e0a0 Uncommon trap: trap_request=0xffffffde fr.pc=0x000001c3305188bc relative=0x00000000000003fc
Event: 7589.248 Thread 0x000001c305d5e0a0 Uncommon trap: reason=class_check action=maybe_recompile pc=0x000001c3305188bc method=org.eclipse.jdt.internal.core.SourceMethod.equals(Ljava/lang/Object;)Z @ 1 c2
Event: 7589.248 Thread 0x000001c305d5e0a0 DEOPT PACKING pc=0x000001c3305188bc sp=0x00000090efbfe450
Event: 7589.248 Thread 0x000001c305d5e0a0 DEOPT UNPACKING pc=0x000001c32f633aa2 sp=0x00000090efbfe3e8 mode 2
Event: 7788.829 Thread 0x000001c30c275060 Uncommon trap: trap_request=0xffffffd6 fr.pc=0x000001c330c72468 relative=0x0000000000001568
Event: 7788.829 Thread 0x000001c30c275060 Uncommon trap: reason=array_check action=maybe_recompile pc=0x000001c330c72468 method=java.util.TimSort.mergeLo(IIII)V @ 590 c2
Event: 7788.829 Thread 0x000001c30c275060 DEOPT PACKING pc=0x000001c330c72468 sp=0x00000090ebffdcc0
Event: 7788.829 Thread 0x000001c30c275060 DEOPT UNPACKING pc=0x000001c32f633aa2 sp=0x00000090ebffdca0 mode 2
Event: 7788.829 Thread 0x000001c30c275060 Uncommon trap: trap_request=0xffffffd6 fr.pc=0x000001c330c72468 relative=0x0000000000001568
Event: 7788.829 Thread 0x000001c30c275060 Uncommon trap: reason=array_check action=maybe_recompile pc=0x000001c330c72468 method=java.util.TimSort.mergeLo(IIII)V @ 590 c2
Event: 7788.829 Thread 0x000001c30c275060 DEOPT PACKING pc=0x000001c330c72468 sp=0x00000090ebffdbf0
Event: 7788.829 Thread 0x000001c30c275060 DEOPT UNPACKING pc=0x000001c32f633aa2 sp=0x00000090ebffdbd0 mode 2
Event: 7788.873 Thread 0x000001c30c275060 Uncommon trap: trap_request=0xffffffd6 fr.pc=0x000001c330ad8b70 relative=0x0000000000000f70
Event: 7788.873 Thread 0x000001c30c275060 Uncommon trap: reason=array_check action=maybe_recompile pc=0x000001c330ad8b70 method=java.util.TimSort.mergeHi(IIII)V @ 282 c2
Event: 7788.873 Thread 0x000001c30c275060 DEOPT PACKING pc=0x000001c330ad8b70 sp=0x00000090ebffdb10
Event: 7788.873 Thread 0x000001c30c275060 DEOPT UNPACKING pc=0x000001c32f633aa2 sp=0x00000090ebffdad8 mode 2
Event: 7788.886 Thread 0x000001c30c275060 Uncommon trap: trap_request=0xffffffd6 fr.pc=0x000001c330ad8b70 relative=0x0000000000000f70
Event: 7788.886 Thread 0x000001c30c275060 Uncommon trap: reason=array_check action=maybe_recompile pc=0x000001c330ad8b70 method=java.util.TimSort.mergeHi(IIII)V @ 282 c2
Event: 7788.886 Thread 0x000001c30c275060 DEOPT PACKING pc=0x000001c330ad8b70 sp=0x00000090ebffd590
Event: 7788.886 Thread 0x000001c30c275060 DEOPT UNPACKING pc=0x000001c32f633aa2 sp=0x00000090ebffd558 mode 2

Classes loaded (20 events):
Event: 5149.192 Loading class java/nio/channels/CompletionHandler
Event: 5149.192 Loading class java/nio/channels/CompletionHandler done
Event: 5159.759 Loading class jdk/internal/module/IllegalAccessLogger
Event: 5159.759 Loading class jdk/internal/module/IllegalAccessLogger done
Event: 5208.894 Loading class jdk/internal/module/IllegalAccessLogger
Event: 5208.894 Loading class jdk/internal/module/IllegalAccessLogger done
Event: 6704.218 Loading class jdk/internal/module/IllegalAccessLogger
Event: 6704.218 Loading class jdk/internal/module/IllegalAccessLogger done
Event: 7257.755 Loading class jdk/internal/module/IllegalAccessLogger
Event: 7257.755 Loading class jdk/internal/module/IllegalAccessLogger done
Event: 7390.019 Loading class jdk/internal/module/IllegalAccessLogger
Event: 7390.019 Loading class jdk/internal/module/IllegalAccessLogger done
Event: 7446.307 Loading class jdk/internal/module/IllegalAccessLogger
Event: 7446.307 Loading class jdk/internal/module/IllegalAccessLogger done
Event: 7503.429 Loading class jdk/internal/module/IllegalAccessLogger
Event: 7503.429 Loading class jdk/internal/module/IllegalAccessLogger done
Event: 7505.859 Loading class jdk/internal/module/IllegalAccessLogger
Event: 7505.859 Loading class jdk/internal/module/IllegalAccessLogger done
Event: 7589.360 Loading class jdk/internal/module/IllegalAccessLogger
Event: 7589.360 Loading class jdk/internal/module/IllegalAccessLogger done

Classes unloaded (20 events):
Event: 7373.627 Thread 0x000001c339374920 Unloading class 0x000001c33b394000 'java/lang/invoke/LambdaForm$MH+0x000001c33b394000'
Event: 7373.627 Thread 0x000001c339374920 Unloading class 0x000001c33b289000 'java/lang/invoke/LambdaForm$MH+0x000001c33b289000'
Event: 7373.627 Thread 0x000001c339374920 Unloading class 0x000001c33b8e0400 'java/lang/invoke/LambdaForm$MH+0x000001c33b8e0400'
Event: 7373.627 Thread 0x000001c339374920 Unloading class 0x000001c33b909400 'java/lang/invoke/LambdaForm$MH+0x000001c33b909400'
Event: 7373.627 Thread 0x000001c339374920 Unloading class 0x000001c33b90ac00 'java/lang/invoke/LambdaForm$MH+0x000001c33b90ac00'
Event: 7373.627 Thread 0x000001c339374920 Unloading class 0x000001c33b93c800 'java/lang/invoke/LambdaForm$MH+0x000001c33b93c800'
Event: 7373.627 Thread 0x000001c339374920 Unloading class 0x000001c33b93d400 'java/lang/invoke/LambdaForm$MH+0x000001c33b93d400'
Event: 7373.627 Thread 0x000001c339374920 Unloading class 0x000001c33b93e000 'java/lang/invoke/LambdaForm$MH+0x000001c33b93e000'
Event: 7373.627 Thread 0x000001c339374920 Unloading class 0x000001c33b991400 'java/lang/invoke/LambdaForm$MH+0x000001c33b991400'
Event: 7373.627 Thread 0x000001c339374920 Unloading class 0x000001c33b992400 'java/lang/invoke/LambdaForm$MH+0x000001c33b992400'
Event: 7373.627 Thread 0x000001c339374920 Unloading class 0x000001c33b992c00 'java/lang/invoke/LambdaForm$MH+0x000001c33b992c00'
Event: 7373.627 Thread 0x000001c339374920 Unloading class 0x000001c33b990400 'java/lang/invoke/LambdaForm$MH+0x000001c33b990400'
Event: 7373.627 Thread 0x000001c339374920 Unloading class 0x000001c33b990000 'java/lang/invoke/LambdaForm$MH+0x000001c33b990000'
Event: 7373.627 Thread 0x000001c339374920 Unloading class 0x000001c33b1c9400 'java/lang/invoke/LambdaForm$BMH+0x000001c33b1c9400'
Event: 7373.627 Thread 0x000001c339374920 Unloading class 0x000001c33b163000 'java/lang/invoke/LambdaForm$MH+0x000001c33b163000'
Event: 7373.627 Thread 0x000001c339374920 Unloading class 0x000001c33b019000 'java/lang/invoke/LambdaForm$MH+0x000001c33b019000'
Event: 7373.627 Thread 0x000001c339374920 Unloading class 0x000001c33b018000 'java/lang/invoke/LambdaForm$MH+0x000001c33b018000'
Event: 7373.627 Thread 0x000001c339374920 Unloading class 0x000001c33b017c00 'java/lang/invoke/LambdaForm$MH+0x000001c33b017c00'
Event: 7373.627 Thread 0x000001c339374920 Unloading class 0x000001c33b017400 'java/lang/invoke/LambdaForm$MH+0x000001c33b017400'
Event: 7373.627 Thread 0x000001c339374920 Unloading class 0x000001c33b000400 'java/lang/invoke/LambdaForm$MH+0x000001c33b000400'

Classes redefined (0 events):
No events

Internal exceptions (20 events):
Event: 7373.550 Thread 0x000001c30f55a6b0 Exception <a 'java/lang/ArrayIndexOutOfBoundsException'{0x00000000ead92690}> (0x00000000ead92690) 
thrown [s\src\hotspot\share\runtime\sharedRuntime.cpp, line 625]
Event: 7373.581 Thread 0x000001c30f55a6b0 Exception <a 'java/lang/ArrayIndexOutOfBoundsException'{0x00000000eaba9288}> (0x00000000eaba9288) 
thrown [s\src\hotspot\share\runtime\sharedRuntime.cpp, line 625]
Event: 7374.678 Thread 0x000001c30f55a6b0 Exception <a 'java/lang/ArrayIndexOutOfBoundsException'{0x00000000eab9baa0}> (0x00000000eab9baa0) 
thrown [s\src\hotspot\share\runtime\sharedRuntime.cpp, line 625]
Event: 7374.709 Thread 0x000001c30f55a6b0 Exception <a 'java/lang/ArrayIndexOutOfBoundsException'{0x00000000eab3f108}> (0x00000000eab3f108) 
thrown [s\src\hotspot\share\runtime\sharedRuntime.cpp, line 625]
Event: 7389.844 Thread 0x000001c37e45f280 Exception <a 'sun/nio/fs/WindowsException'{0x00000000eab192f8}> (0x00000000eab192f8) 
thrown [s\src\hotspot\share\prims\jni.cpp, line 520]
Event: 7390.028 Thread 0x000001c37e45f280 Exception <a 'sun/nio/fs/WindowsException'{0x00000000eab909d0}> (0x00000000eab909d0) 
thrown [s\src\hotspot\share\prims\jni.cpp, line 520]
Event: 7446.181 Thread 0x000001c37e45f280 Exception <a 'sun/nio/fs/WindowsException'{0x00000000eae94950}> (0x00000000eae94950) 
thrown [s\src\hotspot\share\prims\jni.cpp, line 520]
Event: 7446.364 Thread 0x000001c37e45f280 Exception <a 'sun/nio/fs/WindowsException'{0x00000000eabfa630}> (0x00000000eabfa630) 
thrown [s\src\hotspot\share\prims\jni.cpp, line 520]
Event: 7457.908 Thread 0x000001c30f5578c0 Exception <a 'java/lang/ClassNotFoundException'{0x00000000eabd61a8}: sun/net/www/protocol/jdt/Handler> (0x00000000eabd61a8) 
thrown [s\src\hotspot\share\classfile\systemDictionary.cpp, line 312]
Event: 7459.269 Thread 0x000001c305d5e0a0 Exception <a 'java/lang/ArrayIndexOutOfBoundsException'{0x00000000ead440c0}> (0x00000000ead440c0) 
thrown [s\src\hotspot\share\runtime\sharedRuntime.cpp, line 625]
Event: 7459.405 Thread 0x000001c305d5e0a0 Exception <a 'java/lang/ArrayIndexOutOfBoundsException'{0x00000000eacccf08}> (0x00000000eacccf08) 
thrown [s\src\hotspot\share\runtime\sharedRuntime.cpp, line 625]
Event: 7487.998 Thread 0x000001c305d5a590 Implicit null exception at 0x000001c3307521d1 to 0x000001c330753540
Event: 7488.143 Thread 0x000001c37fc69bc0 Exception <a 'sun/nio/fs/WindowsException'{0x00000000eab6aa28}> (0x00000000eab6aa28) 
thrown [s\src\hotspot\share\prims\jni.cpp, line 520]
Event: 7488.172 Thread 0x000001c37fc69bc0 Implicit null exception at 0x000001c3306bdace to 0x000001c3306c33b4
Event: 7503.302 Thread 0x000001c37e45f280 Exception <a 'sun/nio/fs/WindowsException'{0x00000000eacb24b8}> (0x00000000eacb24b8) 
thrown [s\src\hotspot\share\prims\jni.cpp, line 520]
Event: 7503.486 Thread 0x000001c37e45f280 Exception <a 'sun/nio/fs/WindowsException'{0x00000000eab40e80}> (0x00000000eab40e80) 
thrown [s\src\hotspot\share\prims\jni.cpp, line 520]
Event: 7505.682 Thread 0x000001c37e45f280 Exception <a 'sun/nio/fs/WindowsException'{0x00000000ead587c8}> (0x00000000ead587c8) 
thrown [s\src\hotspot\share\prims\jni.cpp, line 520]
Event: 7505.887 Thread 0x000001c37e45f280 Exception <a 'sun/nio/fs/WindowsException'{0x00000000eab90508}> (0x00000000eab90508) 
thrown [s\src\hotspot\share\prims\jni.cpp, line 520]
Event: 7589.246 Thread 0x000001c37e45f280 Exception <a 'sun/nio/fs/WindowsException'{0x00000000eab681d0}> (0x00000000eab681d0) 
thrown [s\src\hotspot\share\prims\jni.cpp, line 520]
Event: 7589.434 Thread 0x000001c37e45f280 Exception <a 'sun/nio/fs/WindowsException'{0x00000000eacb5480}> (0x00000000eacb5480) 
thrown [s\src\hotspot\share\prims\jni.cpp, line 520]

ZGC Phase Switch (0 events):
No events

VM Operations (20 events):
Event: 7694.406 Executing VM operation: RendezvousGCThreads
Event: 7694.406 Executing VM operation: RendezvousGCThreads done
Event: 7746.425 Executing VM operation: Cleanup
Event: 7746.425 Executing VM operation: Cleanup done
Event: 7788.297 Executing VM operation: ParallelGCFailedAllocation (Allocation Failure)
Event: 7788.298 Executing VM operation: ParallelGCFailedAllocation (Allocation Failure) done
Event: 7788.824 Executing VM operation: ParallelGCFailedAllocation (Allocation Failure)
Event: 7788.825 Executing VM operation: ParallelGCFailedAllocation (Allocation Failure) done
Event: 7788.838 Executing VM operation: ParallelGCFailedAllocation (Allocation Failure)
Event: 7788.839 Executing VM operation: ParallelGCFailedAllocation (Allocation Failure) done
Event: 7788.851 Executing VM operation: ParallelGCFailedAllocation (Allocation Failure)
Event: 7788.852 Executing VM operation: ParallelGCFailedAllocation (Allocation Failure) done
Event: 7788.864 Executing VM operation: ParallelGCFailedAllocation (Allocation Failure)
Event: 7788.865 Executing VM operation: ParallelGCFailedAllocation (Allocation Failure) done
Event: 7788.875 Executing VM operation: ParallelGCFailedAllocation (Allocation Failure)
Event: 7788.876 Executing VM operation: ParallelGCFailedAllocation (Allocation Failure) done
Event: 7788.884 Executing VM operation: ParallelGCFailedAllocation (Allocation Failure)
Event: 7788.885 Executing VM operation: ParallelGCFailedAllocation (Allocation Failure) done
Event: 7793.118 Executing VM operation: ParallelGCFailedAllocation (Allocation Failure)
Event: 7793.119 Executing VM operation: ParallelGCFailedAllocation (Allocation Failure) done

Memory protections (0 events):
No events

Nmethod flushes (20 events):
Event: 7373.672 Thread 0x000001c339374920 flushing  nmethod 0x000001c32ae83a90
Event: 7373.672 Thread 0x000001c339374920 flushing  nmethod 0x000001c32aea8110
Event: 7373.672 Thread 0x000001c339374920 flushing  nmethod 0x000001c32aeac490
Event: 7373.672 Thread 0x000001c339374920 flushing  nmethod 0x000001c32aebc290
Event: 7373.672 Thread 0x000001c339374920 flushing  nmethod 0x000001c32aed1410
Event: 7373.672 Thread 0x000001c339374920 flushing  nmethod 0x000001c32aef5390
Event: 7373.672 Thread 0x000001c339374920 flushing  nmethod 0x000001c32aef5990
Event: 7373.672 Thread 0x000001c339374920 flushing  nmethod 0x000001c32af1c510
Event: 7373.672 Thread 0x000001c339374920 flushing  nmethod 0x000001c32af1cb10
Event: 7373.672 Thread 0x000001c339374920 flushing  nmethod 0x000001c32af1d010
Event: 7373.672 Thread 0x000001c339374920 flushing  nmethod 0x000001c32af23f10
Event: 7373.672 Thread 0x000001c339374920 flushing  nmethod 0x000001c32af35810
Event: 7373.672 Thread 0x000001c339374920 flushing  nmethod 0x000001c32af46110
Event: 7373.672 Thread 0x000001c339374920 flushing  nmethod 0x000001c32af47a90
Event: 7373.672 Thread 0x000001c339374920 flushing  nmethod 0x000001c32af83190
Event: 7373.672 Thread 0x000001c339374920 flushing  nmethod 0x000001c32b02c810
Event: 7373.672 Thread 0x000001c339374920 flushing  nmethod 0x000001c32b04b190
Event: 7373.672 Thread 0x000001c339374920 flushing  nmethod 0x000001c32b059210
Event: 7373.672 Thread 0x000001c339374920 flushing  nmethod 0x000001c32b067010
Event: 7373.672 Thread 0x000001c339374920 flushing  nmethod 0x000001c32b06a890

Events (20 events):
Event: 7593.135 Thread 0x000001c30d209690 Thread exited: 0x000001c30d209690
Event: 7598.135 Thread 0x000001c30d20a430 Thread exited: 0x000001c30d20a430
Event: 7649.362 Thread 0x000001c30c2777c0 Thread exited: 0x000001c30c2777c0
Event: 7652.537 Thread 0x000001c30c2784e0 Thread exited: 0x000001c30c2784e0
Event: 7652.587 Thread 0x000001c37fc69bc0 Thread exited: 0x000001c37fc69bc0
Event: 7653.136 Thread 0x000001c30f558c70 Thread exited: 0x000001c30f558c70
Event: 7654.725 Thread 0x000001c30f55db30 Thread added: 0x000001c30c2777c0
Event: 7654.727 Thread 0x000001c30c2777c0 Thread added: 0x000001c30c2784e0
Event: 7689.888 Thread 0x000001c30c2777c0 Thread added: 0x000001c30c275060
Event: 7689.889 Thread 0x000001c30c275060 Thread exited: 0x000001c30c275060
Event: 7689.996 Thread 0x000001c37fc65a20 Thread exited: 0x000001c37fc65a20
Event: 7713.137 Thread 0x000001c30f55c780 Thread exited: 0x000001c30f55c780
Event: 7746.278 Thread 0x000001c37fc66740 Thread exited: 0x000001c37fc66740
Event: 7750.057 Thread 0x000001c30f55db30 Thread exited: 0x000001c30f55db30
Event: 7750.057 Thread 0x000001c30c2784e0 Thread exited: 0x000001c30c2784e0
Event: 7773.138 Thread 0x000001c30c275d80 Thread exited: 0x000001c30c275d80
Event: 7788.285 Thread 0x000001c30c2777c0 Thread added: 0x000001c30c2784e0
Event: 7788.291 Thread 0x000001c30c2777c0 Thread added: 0x000001c30c275060
Event: 7788.304 Thread 0x000001c30c2777c0 Thread added: 0x000001c30c2756f0
Event: 7793.101 Thread 0x000001c32505e920 Thread added: 0x000001c30d209690


Dynamic libraries:
0x00007ff71d330000 - 0x00007ff71d33e000 	c:\Users\Admin\.vscode\extensions\redhat.java-1.41.1-win32-x64\jre\21.0.6-win32-x86_64\bin\java.exe
0x00007ff9d58e0000 - 0x00007ff9d5b46000 	C:\WINDOWS\SYSTEM32\ntdll.dll
0x00007ff9d4370000 - 0x00007ff9d4439000 	C:\WINDOWS\System32\KERNEL32.DLL
0x00007ff9d2c40000 - 0x00007ff9d300c000 	C:\WINDOWS\System32\KERNELBASE.dll
0x00007ff9d3280000 - 0x00007ff9d33cb000 	C:\WINDOWS\System32\ucrtbase.dll
0x00007ff9ad780000 - 0x00007ff9ad798000 	c:\Users\Admin\.vscode\extensions\redhat.java-1.41.1-win32-x64\jre\21.0.6-win32-x86_64\bin\jli.dll
0x00007ff9ad760000 - 0x00007ff9ad77e000 	c:\Users\Admin\.vscode\extensions\redhat.java-1.41.1-win32-x64\jre\21.0.6-win32-x86_64\bin\VCRUNTIME140.dll
0x00007ff9d53e0000 - 0x00007ff9d55aa000 	C:\WINDOWS\System32\USER32.dll
0x00007ff9d3010000 - 0x00007ff9d3037000 	C:\WINDOWS\System32\win32u.dll
0x00007ff9c0070000 - 0x00007ff9c030a000 	C:\WINDOWS\WinSxS\amd64_microsoft.windows.common-controls_6595b64144ccf1df_6.0.26100.3912_none_3e07963ce335137e\COMCTL32.dll
0x00007ff9d3e80000 - 0x00007ff9d3f29000 	C:\WINDOWS\System32\msvcrt.dll
0x00007ff9d3c30000 - 0x00007ff9d3c5b000 	C:\WINDOWS\System32\GDI32.dll
0x00007ff9d2a70000 - 0x00007ff9d2ba2000 	C:\WINDOWS\System32\gdi32full.dll
0x00007ff9d35f0000 - 0x00007ff9d3693000 	C:\WINDOWS\System32\msvcp_win.dll
0x00007ff9d4440000 - 0x00007ff9d4470000 	C:\WINDOWS\System32\IMM32.DLL
0x00007ff9bff80000 - 0x00007ff9bff8c000 	c:\Users\Admin\.vscode\extensions\redhat.java-1.41.1-win32-x64\jre\21.0.6-win32-x86_64\bin\vcruntime140_1.dll
0x00007ff992bd0000 - 0x00007ff992c5d000 	c:\Users\Admin\.vscode\extensions\redhat.java-1.41.1-win32-x64\jre\21.0.6-win32-x86_64\bin\msvcp140.dll
0x00007ff93a7f0000 - 0x00007ff93b580000 	c:\Users\Admin\.vscode\extensions\redhat.java-1.41.1-win32-x64\jre\21.0.6-win32-x86_64\bin\server\jvm.dll
0x00007ff9d42b0000 - 0x00007ff9d4362000 	C:\WINDOWS\System32\ADVAPI32.dll
0x00007ff9d4ea0000 - 0x00007ff9d4f46000 	C:\WINDOWS\System32\sechost.dll
0x00007ff9d3c60000 - 0x00007ff9d3d76000 	C:\WINDOWS\System32\RPCRT4.dll
0x00007ff9d5700000 - 0x00007ff9d5774000 	C:\WINDOWS\System32\WS2_32.dll
0x00007ff9d2810000 - 0x00007ff9d286e000 	C:\WINDOWS\SYSTEM32\POWRPROF.dll
0x00007ff9c30f0000 - 0x00007ff9c3126000 	C:\WINDOWS\SYSTEM32\WINMM.dll
0x00007ff9cc510000 - 0x00007ff9cc51b000 	C:\WINDOWS\SYSTEM32\VERSION.dll
0x00007ff9d27f0000 - 0x00007ff9d2804000 	C:\WINDOWS\SYSTEM32\UMPDC.dll
0x00007ff9d17f0000 - 0x00007ff9d180a000 	C:\WINDOWS\SYSTEM32\kernel.appcore.dll
0x00007ff9bcfa0000 - 0x00007ff9bcfaa000 	c:\Users\Admin\.vscode\extensions\redhat.java-1.41.1-win32-x64\jre\21.0.6-win32-x86_64\bin\jimage.dll
0x00007ff9c0dd0000 - 0x00007ff9c1011000 	C:\WINDOWS\SYSTEM32\DBGHELP.DLL
0x00007ff9d36a0000 - 0x00007ff9d3a24000 	C:\WINDOWS\System32\combase.dll
0x00007ff9d55b0000 - 0x00007ff9d5690000 	C:\WINDOWS\System32\OLEAUT32.dll
0x00007ff9ac350000 - 0x00007ff9ac389000 	C:\WINDOWS\SYSTEM32\dbgcore.DLL
0x00007ff9d3550000 - 0x00007ff9d35e9000 	C:\WINDOWS\System32\bcryptPrimitives.dll
0x00007ff9bbf50000 - 0x00007ff9bbf5f000 	c:\Users\Admin\.vscode\extensions\redhat.java-1.41.1-win32-x64\jre\21.0.6-win32-x86_64\bin\instrument.dll
0x00007ff9ace00000 - 0x00007ff9ace1f000 	c:\Users\Admin\.vscode\extensions\redhat.java-1.41.1-win32-x64\jre\21.0.6-win32-x86_64\bin\java.dll
0x00007ff9d4490000 - 0x00007ff9d4bbd000 	C:\WINDOWS\System32\SHELL32.dll
0x00007ff9d33d0000 - 0x00007ff9d3544000 	C:\WINDOWS\System32\wintypes.dll
0x00007ff9d06c0000 - 0x00007ff9d0f16000 	C:\WINDOWS\SYSTEM32\windows.storage.dll
0x00007ff9d3d80000 - 0x00007ff9d3e6f000 	C:\WINDOWS\System32\SHCORE.dll
0x00007ff9d4240000 - 0x00007ff9d42a9000 	C:\WINDOWS\System32\shlwapi.dll
0x00007ff9d2980000 - 0x00007ff9d29af000 	C:\WINDOWS\SYSTEM32\profapi.dll
0x00007ff9ac550000 - 0x00007ff9ac568000 	c:\Users\Admin\.vscode\extensions\redhat.java-1.41.1-win32-x64\jre\21.0.6-win32-x86_64\bin\zip.dll
0x00007ff9bbdf0000 - 0x00007ff9bbe00000 	C:\Users\Admin\.vscode\extensions\redhat.java-1.41.1-win32-x64\jre\21.0.6-win32-x86_64\bin\net.dll
0x00007ff9cb740000 - 0x00007ff9cb85e000 	C:\WINDOWS\SYSTEM32\WINHTTP.dll
0x00007ff9d1d40000 - 0x00007ff9d1daa000 	C:\WINDOWS\system32\mswsock.dll
0x00007ff9ac430000 - 0x00007ff9ac446000 	C:\Users\Admin\.vscode\extensions\redhat.java-1.41.1-win32-x64\jre\21.0.6-win32-x86_64\bin\nio.dll
0x00007ff9bbab0000 - 0x00007ff9bbac0000 	c:\Users\Admin\.vscode\extensions\redhat.java-1.41.1-win32-x64\jre\21.0.6-win32-x86_64\bin\verify.dll
0x00007ff9918e0000 - 0x00007ff991925000 	C:\Users\Admin\AppData\Roaming\Code\User\globalStorage\redhat.java\1.41.1\config_win\org.eclipse.equinox.launcher\org.eclipse.equinox.launcher.win32.win32.x86_64_1.2.1300.v20250331-1702\eclipse_11911.dll
0x00007ff9d3a30000 - 0x00007ff9d3bcf000 	C:\WINDOWS\System32\ole32.dll
0x00007ff9d2100000 - 0x00007ff9d211c000 	C:\WINDOWS\SYSTEM32\CRYPTSP.dll
0x00007ff9d1750000 - 0x00007ff9d178a000 	C:\WINDOWS\system32\rsaenh.dll
0x00007ff9d1de0000 - 0x00007ff9d1e0b000 	C:\WINDOWS\SYSTEM32\USERENV.dll
0x00007ff9d2950000 - 0x00007ff9d2976000 	C:\WINDOWS\SYSTEM32\bcrypt.dll
0x00007ff9d1f70000 - 0x00007ff9d1f7c000 	C:\WINDOWS\SYSTEM32\CRYPTBASE.dll
0x00007ff9d1210000 - 0x00007ff9d1243000 	C:\WINDOWS\SYSTEM32\IPHLPAPI.DLL
0x00007ff9d3f30000 - 0x00007ff9d3f3a000 	C:\WINDOWS\System32\NSI.dll
0x00007ff990c80000 - 0x00007ff990cc9000 	C:\Users\Admin\AppData\Local\Temp\jna--626380378\jna15866050412781068096.dll
0x00007ff9d5810000 - 0x00007ff9d5818000 	C:\WINDOWS\System32\PSAPI.DLL
0x00007ff9cbc80000 - 0x00007ff9cbc9f000 	C:\WINDOWS\SYSTEM32\dhcpcsvc6.DLL
0x00007ff9cb2a0000 - 0x00007ff9cb2c5000 	C:\WINDOWS\SYSTEM32\dhcpcsvc.DLL
0x00007ff9d1910000 - 0x00007ff9d1945000 	C:\WINDOWS\SYSTEM32\ntmarta.dll
0x00007ff9b3f30000 - 0x00007ff9b3f39000 	C:\Users\Admin\.vscode\extensions\redhat.java-1.41.1-win32-x64\jre\21.0.6-win32-x86_64\bin\extnet.dll
0x00007ff9b8d30000 - 0x00007ff9b8d3e000 	C:\Users\Admin\.vscode\extensions\redhat.java-1.41.1-win32-x64\jre\21.0.6-win32-x86_64\bin\sunmscapi.dll
0x00007ff9d3100000 - 0x00007ff9d3277000 	C:\WINDOWS\System32\CRYPT32.dll
0x00007ff9d2250000 - 0x00007ff9d2280000 	C:\WINDOWS\SYSTEM32\ncrypt.dll
0x00007ff9d2200000 - 0x00007ff9d223f000 	C:\WINDOWS\SYSTEM32\NTASN1.dll
0x00007ff9b4330000 - 0x00007ff9b4338000 	C:\WINDOWS\system32\wshunix.dll
0x00007ff9d12a0000 - 0x00007ff9d13c7000 	C:\WINDOWS\SYSTEM32\DNSAPI.dll
0x0000000064e90000 - 0x0000000064eb6000 	C:\Program Files\Bonjour\mdnsNSP.dll
0x00007ff9c3400000 - 0x00007ff9c340b000 	C:\Windows\System32\rasadhlp.dll
0x00007ff9c9d70000 - 0x00007ff9c9df6000 	C:\WINDOWS\System32\fwpuclnt.dll

dbghelp: loaded successfully - version: 4.0.5 - missing functions: none
symbol engine: initialized successfully - sym options: 0x614 - pdb path: .;c:\Users\Admin\.vscode\extensions\redhat.java-1.41.1-win32-x64\jre\21.0.6-win32-x86_64\bin;C:\WINDOWS\SYSTEM32;C:\WINDOWS\WinSxS\amd64_microsoft.windows.common-controls_6595b64144ccf1df_6.0.26100.3912_none_3e07963ce335137e;c:\Users\Admin\.vscode\extensions\redhat.java-1.41.1-win32-x64\jre\21.0.6-win32-x86_64\bin\server;C:\Users\Admin\AppData\Roaming\Code\User\globalStorage\redhat.java\1.41.1\config_win\org.eclipse.equinox.launcher\org.eclipse.equinox.launcher.win32.win32.x86_64_1.2.1300.v20250331-1702;C:\Users\Admin\AppData\Local\Temp\jna--626380378;C:\Program Files\Bonjour

VM Arguments:
jvm_args: --add-modules=ALL-SYSTEM --add-opens=java.base/java.util=ALL-UNNAMED --add-opens=java.base/java.lang=ALL-UNNAMED --add-opens=java.base/sun.nio.fs=ALL-UNNAMED -Declipse.application=org.eclipse.jdt.ls.core.id1 -Dosgi.bundles.defaultStartLevel=4 -Declipse.product=org.eclipse.jdt.ls.core.product -Djava.import.generatesMetadataFilesAtProjectRoot=false -DDetectVMInstallationsJob.disabled=true -Dfile.encoding=utf8 -XX:+UseParallelGC -XX:GCTimeRatio=4 -XX:AdaptiveSizePolicyWeight=90 -Dsun.zip.disableMemoryMapping=true -Xmx1G -Xms100m -Xlog:disable -javaagent:c:\Users\Admin\.vscode\extensions\redhat.java-1.41.1-win32-x64\lombok\lombok-1.18.36.jar -XX:+HeapDumpOnOutOfMemoryError -XX:HeapDumpPath=c:\Users\Admin\AppData\Roaming\Code\User\workspaceStorage\9417e68052fc2ca95afb1038ca31e9b9\redhat.java -Daether.dependencyCollector.impl=bf 
java_command: c:\Users\Admin\.vscode\extensions\redhat.java-1.41.1-win32-x64\server\plugins\org.eclipse.equinox.launcher_1.7.0.v20250331-1702.jar -configuration c:\Users\Admin\AppData\Roaming\Code\User\globalStorage\redhat.java\1.41.1\config_win -data c:\Users\Admin\AppData\Roaming\Code\User\workspaceStorage\9417e68052fc2ca95afb1038ca31e9b9\redhat.java\jdt_ws --pipe=\\.\pipe\lsp-1dfcbb0f6a6f6ec3dccec9ecb96b57ea-sock
java_class_path (initial): c:\Users\Admin\.vscode\extensions\redhat.java-1.41.1-win32-x64\server\plugins\org.eclipse.equinox.launcher_1.7.0.v20250331-1702.jar
Launcher Type: SUN_STANDARD

[Global flags]
    uintx AdaptiveSizePolicyWeight                 = 90                                        {product} {command line}
     intx CICompilerCount                          = 12                                        {product} {ergonomic}
    uintx GCTimeRatio                              = 4                                         {product} {command line}
     bool HeapDumpOnOutOfMemoryError               = true                                   {manageable} {command line}
    ccstr HeapDumpPath                             = c:\Users\Admin\AppData\Roaming\Code\User\workspaceStorage\9417e68052fc2ca95afb1038ca31e9b9\redhat.java         {manageable} {command line}
   size_t InitialHeapSize                          = 104857600                                 {product} {command line}
   size_t MaxHeapSize                              = 1073741824                                {product} {command line}
   size_t MaxNewSize                               = 357564416                                 {product} {ergonomic}
   size_t MinHeapDeltaBytes                        = 524288                                    {product} {ergonomic}
   size_t MinHeapSize                              = 104857600                                 {product} {command line}
   size_t NewSize                                  = 34603008                                  {product} {ergonomic}
    uintx NonNMethodCodeHeapSize                   = 7602480                                {pd product} {ergonomic}
    uintx NonProfiledCodeHeapSize                  = 122027880                              {pd product} {ergonomic}
   size_t OldSize                                  = 70254592                                  {product} {ergonomic}
    uintx ProfiledCodeHeapSize                     = 122027880                              {pd product} {ergonomic}
    uintx ReservedCodeCacheSize                    = 251658240                              {pd product} {ergonomic}
     bool SegmentedCodeCache                       = true                                      {product} {ergonomic}
   size_t SoftMaxHeapSize                          = 1073741824                             {manageable} {ergonomic}
     bool UseCompressedOops                        = true                           {product lp64_product} {ergonomic}
     bool UseLargePagesIndividualAllocation        = false                                  {pd product} {ergonomic}
     bool UseParallelGC                            = true                                      {product} {command line}

Logging:
Log output configuration:
 #0: stdout all=off uptime,level,tags foldmultilines=false
 #1: stderr all=off uptime,level,tags foldmultilines=false

Environment Variables:
JAVA_HOME=C:\Program Files\Java\jdk-23
PATH=C:\Program Files\Common Files\Oracle\Java\javapath;C:\Program Files (x86)\Common Files\Oracle\Java\java8path;C:\Program Files (x86)\Common Files\Oracle\Java\javapath;C:\WINDOWS\system32;C:\WINDOWS;C:\WINDOWS\System32\Wbem;C:\WINDOWS\System32\WindowsPowerShell\v1.0\;C:\WINDOWS\System32\OpenSSH\;C:\Program Files (x86)\Intel\Intel(R) Management Engine Components\DAL;C:\Program Files\Intel\Intel(R) Management Engine Components\DAL;C:\Program Files (x86)\dotnet\;C:\Program Files\Microsoft SQL Server\150\Tools\Binn\;C:\Program Files\dotnet\;C:\Program Files\Git\cmd;Program Files\nodejs\;C:\Program Files\nodejs\;C:\Apache\Maven\apache-maven-3.9.9\bin;C:\Users\Admin\AppData\Local\Programs\Python\Launcher\;C:\Users\Admin\AppData\Local\Microsoft\WindowsApps;C:\Users\Admin\.dotnet\tools;C:\Users\Admin\AppData\Local\Programs\Microsoft VS Code\bin;C:\Users\Admin\AppData\Local\GitHubDesktop\bin;C:\Users\Admin\AppData\Roaming\npm;C:\Users\Admin\AppData\Local\Packages\PythonSoftwareFoundation.Python.3.12_qbz5n2kfra8p0\LocalCache\local-packages\Python312\Scripts;C:\Users\Admin\AppData\Local\Programs\Python\Python39\;C:\Users\Admin\AppData\Local\Programs\Python\Python39\Scripts\;
USERNAME=Ashborne
OS=Windows_NT
PROCESSOR_IDENTIFIER=Intel64 Family 6 Model 165 Stepping 5, GenuineIntel
TMP=C:\Users\Admin\AppData\Local\Temp
TEMP=C:\Users\Admin\AppData\Local\Temp




Periodic native trim disabled

---------------  S Y S T E M  ---------------

OS:
 Windows 11 , 64 bit Build 26100 (10.0.26100.3912)
OS uptime: 0 days 18:28 hours
Hyper-V role detected

CPU: total 16 (initial active 16) (8 cores per cpu, 2 threads per core) family 6 model 165 stepping 5 microcode 0xe0, cx8, cmov, fxsr, ht, mmx, 3dnowpref, sse, sse2, sse3, ssse3, sse4.1, sse4.2, popcnt, lzcnt, tsc, tscinvbit, avx, avx2, aes, erms, clmul, bmi1, bmi2, adx, fma, vzeroupper, clflush, clflushopt, hv, rdtscp, f16c
Processor Information for the first 16 processors :
  Max Mhz: 2904, Current Mhz: 2904, Mhz Limit: 2904

Memory: 4k page, system-wide physical 16280M (2152M free)
TotalPageFile size 20376M (AvailPageFile size 27M)
current process WorkingSet (physical memory assigned to process): 966M, peak: 1099M
current process commit charge ("private bytes"): 986M, peak: 1123M

vm_info: OpenJDK 64-Bit Server VM (21.0.6+7-LTS) for windows-amd64 JRE (21.0.6+7-LTS), built on 2025-01-21T00:00:00Z by "admin" with MS VC++ 17.7 (VS2022)

END.
