#
# There is insufficient memory for the Java Runtime Environment to continue.
# Native memory allocation (malloc) failed to allocate 1806128 bytes. Error detail: Chunk::new
# Possible reasons:
#   The system is out of physical RAM or swap space
#   This process is running with CompressedOops enabled, and the Java Heap may be blocking the growth of the native heap
# Possible solutions:
#   Reduce memory load on the system
#   Increase physical memory or swap space
#   Check if swap backing store is full
#   Decrease Java heap size (-Xmx/-Xms)
#   Decrease number of Java threads
#   Decrease Java thread stack sizes (-Xss)
#   Set larger code cache with -XX:ReservedCodeCacheSize=
#   JVM is running with Unscaled Compressed Oops mode in which the Java heap is
#     placed in the first 4GB address space. The Java Heap base address is the
#     maximum limit for the native heap growth. Please use -XX:HeapBaseMinAddress
#     to set the Java Heap base and to place the Java Heap above 4GB virtual address.
# This output file may be truncated or incomplete.
#
#  Out of Memory Error (arena.cpp:168), pid=8204, tid=3452
#
# JRE version: OpenJDK Runtime Environment Temurin-21.0.6+7 (21.0.6+7) (build 21.0.6+7-LTS)
# Java VM: OpenJDK 64-Bit Server VM Temurin-21.0.6+7 (21.0.6+7-LTS, mixed mode, sharing, tiered, compressed oops, compressed class ptrs, parallel gc, windows-amd64)
# No core dump will be written. Minidumps are not enabled by default on client versions of Windows
#

---------------  S U M M A R Y ------------

Command Line: --add-modules=ALL-SYSTEM --add-opens=java.base/java.util=ALL-UNNAMED --add-opens=java.base/java.lang=ALL-UNNAMED --add-opens=java.base/sun.nio.fs=ALL-UNNAMED -Declipse.application=org.eclipse.jdt.ls.core.id1 -Dosgi.bundles.defaultStartLevel=4 -Declipse.product=org.eclipse.jdt.ls.core.product -Djava.import.generatesMetadataFilesAtProjectRoot=false -DDetectVMInstallationsJob.disabled=true -Dfile.encoding=utf8 -XX:+UseParallelGC -XX:GCTimeRatio=4 -XX:AdaptiveSizePolicyWeight=90 -Dsun.zip.disableMemoryMapping=true -Xmx1G -Xms100m -Xlog:disable -javaagent:c:\Users\Admin\.vscode\extensions\redhat.java-1.41.1-win32-x64\lombok\lombok-1.18.36.jar -XX:+HeapDumpOnOutOfMemoryError -XX:HeapDumpPath=c:\Users\Admin\AppData\Roaming\Code\User\workspaceStorage\9417e68052fc2ca95afb1038ca31e9b9\redhat.java -Daether.dependencyCollector.impl=bf c:\Users\Admin\.vscode\extensions\redhat.java-1.41.1-win32-x64\server\plugins\org.eclipse.equinox.launcher_1.7.0.v20250331-1702.jar -configuration c:\Users\Admin\AppData\Roaming\Code\User\globalStorage\redhat.java\1.41.1\config_win -data c:\Users\Admin\AppData\Roaming\Code\User\workspaceStorage\9417e68052fc2ca95afb1038ca31e9b9\redhat.java\jdt_ws --pipe=\\.\pipe\lsp-73f4da6e1ebe53722086640392800ff8-sock

Host: Intel(R) Core(TM) i7-10700 CPU @ 2.90GHz, 16 cores, 15G,  Windows 11 , 64 bit Build 26100 (10.0.26100.3912)
Time: Fri May  2 06:29:49 2025 Malay Peninsula Standard Time elapsed time: 21.800725 seconds (0d 0h 0m 21s)

---------------  T H R E A D  ---------------

Current thread (0x0000020b0e828160):  JavaThread "C2 CompilerThread4" daemon [_thread_in_native, id=3452, stack(0x0000002dbcf00000,0x0000002dbd000000) (1024K)]


Current CompileTask:
C2:21800 13215  s!   4       org.eclipse.jdt.internal.core.index.DiskIndex::readCategoryTable (743 bytes)

Stack: [0x0000002dbcf00000,0x0000002dbd000000]
Native frames: (J=compiled Java code, j=interpreted, Vv=VM code, C=native code)
V  [jvm.dll+0x6cdee9]
V  [jvm.dll+0x8a83d1]
V  [jvm.dll+0x8aa8fe]
V  [jvm.dll+0x8aafe3]
V  [jvm.dll+0x27f706]
V  [jvm.dll+0xc500d]
V  [jvm.dll+0xc5543]
V  [jvm.dll+0x3b678c]
V  [jvm.dll+0x1e0009]
V  [jvm.dll+0x247b42]
V  [jvm.dll+0x246fcf]
V  [jvm.dll+0x1c75ee]
V  [jvm.dll+0x25685a]
V  [jvm.dll+0x254dfa]
V  [jvm.dll+0x3f0256]
V  [jvm.dll+0x851f8b]
V  [jvm.dll+0x6cc5ed]
C  [ucrtbase.dll+0x37b0]
C  [KERNEL32.DLL+0x2e8d7]
C  [ntdll.dll+0x9c5dc]


---------------  P R O C E S S  ---------------

Threads class SMR info:
_java_thread_list=0x0000020b10edaaa0, length=109, elements={
0x0000020b27d196b0, 0x0000020b27dce890, 0x0000020b7d1ead90, 0x0000020b7d1ee8a0,
0x0000020b7d1f02e0, 0x0000020b7d1f0970, 0x0000020b7d1f1d20, 0x0000020b7e6c2a30,
0x0000020b7e6c3870, 0x0000020b7d1eef30, 0x0000020b7d1ef5c0, 0x0000020b7d1f1690,
0x0000020b7d1f1000, 0x0000020b7d1efc50, 0x0000020b04840140, 0x0000020b0483e070,
0x0000020b0483f420, 0x0000020b0483ed90, 0x0000020b0483e700, 0x0000020b0483d350,
0x0000020b04840e60, 0x0000020b0483d9e0, 0x0000020b04841b80, 0x0000020b048428a0,
0x0000020b04842210, 0x0000020b04842f30, 0x0000020b0483fab0, 0x0000020b048435c0,
0x0000020b04843c50, 0x0000020b048442e0, 0x0000020b04844970, 0x0000020b06c6a7e0,
0x0000020b06c6b500, 0x0000020b06c68710, 0x0000020b06c6ae70, 0x0000020b06c6a150,
0x0000020b06c68080, 0x0000020b06c6bb90, 0x0000020b06c6c220, 0x0000020b06c68da0,
0x0000020b06c69430, 0x0000020b06c6c8b0, 0x0000020b06c6cf40, 0x0000020b06c69ac0,
0x0000020b06c6d5d0, 0x0000020b06c6f010, 0x0000020b06c6e980, 0x0000020b06c6dc60,
0x0000020b06c6e2f0, 0x0000020b048407d0, 0x0000020b124a70c0, 0x0000020b124a7750,
0x0000020b124a4ff0, 0x0000020b124a6a30, 0x0000020b124a4960, 0x0000020b124a63a0,
0x0000020b124a7de0, 0x0000020b124a8470, 0x0000020b124a8b00, 0x0000020b124a5680,
0x0000020b124a9190, 0x0000020b124a5d10, 0x0000020b124a9820, 0x0000020b124a9eb0,
0x0000020b124aa540, 0x0000020b124aabd0, 0x0000020b124ab260, 0x0000020b124ab8f0,
0x0000020b0cc12820, 0x0000020b0cc12eb0, 0x0000020b0cc11470, 0x0000020b0cc12190,
0x0000020b0cc13540, 0x0000020b0cc100c0, 0x0000020b0cc11b00, 0x0000020b0cc13bd0,
0x0000020b0cc10750, 0x0000020b0cc14260, 0x0000020b0cc10de0, 0x0000020b0cc14f80,
0x0000020b0cc148f0, 0x0000020b0cc15610, 0x0000020b0cc16330, 0x0000020b0cc169c0,
0x0000020b0cc15ca0, 0x0000020b0cc17050, 0x0000020b0cc176e0, 0x0000020b0d1d95b0,
0x0000020b0d1d6e50, 0x0000020b0d1d7b70, 0x0000020b0d1d8890, 0x0000020b05395df0,
0x0000020b0d1d8f20, 0x0000020b0d1d6130, 0x0000020b0d1d9c40, 0x0000020b0d1d67c0,
0x0000020b0d1da2d0, 0x0000020b0d1da960, 0x0000020b0d1d74e0, 0x0000020b0d1daff0,
0x0000020b05393510, 0x0000020b05395720, 0x0000020b0d1dd750, 0x0000020b0d1db680,
0x0000020b0d1dbd10, 0x0000020b05393be0, 0x0000020b0e828160, 0x0000020b0e829ca0,
0x0000020b0e8273c0
}

Java Threads: ( => current thread )
  0x0000020b27d196b0 JavaThread "main"                              [_thread_blocked, id=15852, stack(0x0000002db5300000,0x0000002db5400000) (1024K)]
  0x0000020b27dce890 JavaThread "Reference Handler"          daemon [_thread_blocked, id=10008, stack(0x0000002db5700000,0x0000002db5800000) (1024K)]
  0x0000020b7d1ead90 JavaThread "Finalizer"                  daemon [_thread_blocked, id=15456, stack(0x0000002db5800000,0x0000002db5900000) (1024K)]
  0x0000020b7d1ee8a0 JavaThread "Signal Dispatcher"          daemon [_thread_blocked, id=18920, stack(0x0000002db5900000,0x0000002db5a00000) (1024K)]
  0x0000020b7d1f02e0 JavaThread "Attach Listener"            daemon [_thread_blocked, id=5404, stack(0x0000002db5a00000,0x0000002db5b00000) (1024K)]
  0x0000020b7d1f0970 JavaThread "Service Thread"             daemon [_thread_blocked, id=4940, stack(0x0000002db5b00000,0x0000002db5c00000) (1024K)]
  0x0000020b7d1f1d20 JavaThread "Monitor Deflation Thread"   daemon [_thread_blocked, id=19796, stack(0x0000002db5c00000,0x0000002db5d00000) (1024K)]
  0x0000020b7e6c2a30 JavaThread "C2 CompilerThread0"         daemon [_thread_blocked, id=4820, stack(0x0000002db5d00000,0x0000002db5e00000) (1024K)]
  0x0000020b7e6c3870 JavaThread "C1 CompilerThread0"         daemon [_thread_blocked, id=2668, stack(0x0000002db5e00000,0x0000002db5f00000) (1024K)]
  0x0000020b7d1eef30 JavaThread "Common-Cleaner"             daemon [_thread_blocked, id=13148, stack(0x0000002db5f00000,0x0000002db6000000) (1024K)]
  0x0000020b7d1ef5c0 JavaThread "Notification Thread"        daemon [_thread_blocked, id=4600, stack(0x0000002db6400000,0x0000002db6500000) (1024K)]
  0x0000020b7d1f1690 JavaThread "Active Thread: Equinox Container: a99cefe3-c839-4aa1-93c8-10ff3e55230b"        [_thread_blocked, id=20428, stack(0x0000002db6e00000,0x0000002db6f00000) (1024K)]
  0x0000020b7d1f1000 JavaThread "Refresh Thread: Equinox Container: a99cefe3-c839-4aa1-93c8-10ff3e55230b" daemon [_thread_blocked, id=20260, stack(0x0000002db7000000,0x0000002db7100000) (1024K)]
  0x0000020b7d1efc50 JavaThread "Framework Event Dispatcher: Equinox Container: a99cefe3-c839-4aa1-93c8-10ff3e55230b" daemon [_thread_blocked, id=1376, stack(0x0000002db7100000,0x0000002db7200000) (1024K)]
  0x0000020b04840140 JavaThread "Start Level: Equinox Container: a99cefe3-c839-4aa1-93c8-10ff3e55230b" daemon [_thread_blocked, id=13516, stack(0x0000002db7200000,0x0000002db7300000) (1024K)]
  0x0000020b0483e070 JavaThread "Bundle File Closer"         daemon [_thread_blocked, id=17832, stack(0x0000002db7300000,0x0000002db7400000) (1024K)]
  0x0000020b0483f420 JavaThread "SCR Component Actor"        daemon [_thread_blocked, id=3360, stack(0x0000002db7600000,0x0000002db7700000) (1024K)]
  0x0000020b0483ed90 JavaThread "Worker-JM"                         [_thread_blocked, id=17276, stack(0x0000002db7800000,0x0000002db7900000) (1024K)]
  0x0000020b0483e700 JavaThread "JNA Cleaner"                daemon [_thread_blocked, id=10352, stack(0x0000002db7b00000,0x0000002db7c00000) (1024K)]
  0x0000020b0483d350 JavaThread "Worker-0"                          [_thread_blocked, id=6880, stack(0x0000002db7900000,0x0000002db7a00000) (1024K)]
  0x0000020b04840e60 JavaThread "Worker-1: Java indexing... "        [_thread_blocked, id=15476, stack(0x0000002db7c00000,0x0000002db7d00000) (1024K)]
  0x0000020b0483d9e0 JavaThread "Worker-2: Initialize workspace"        [_thread_blocked, id=4672, stack(0x0000002db7d00000,0x0000002db7e00000) (1024K)]
  0x0000020b04841b80 JavaThread "Java indexing"              daemon [_thread_blocked, id=17976, stack(0x0000002db8000000,0x0000002db8100000) (1024K)]
  0x0000020b048428a0 JavaThread "Worker-3"                          [_thread_blocked, id=17900, stack(0x0000002db8100000,0x0000002db8200000) (1024K)]
  0x0000020b04842210 JavaThread "Worker-4"                          [_thread_blocked, id=14404, stack(0x0000002db8500000,0x0000002db8600000) (1024K)]
  0x0000020b04842f30 JavaThread "Worker-5: Building"                [_thread_blocked, id=19912, stack(0x0000002db8600000,0x0000002db8700000) (1024K)]
  0x0000020b0483fab0 JavaThread "Thread-2"                   daemon [_thread_in_native, id=16856, stack(0x0000002db8700000,0x0000002db8800000) (1024K)]
  0x0000020b048435c0 JavaThread "Thread-3"                   daemon [_thread_in_native, id=10704, stack(0x0000002db8800000,0x0000002db8900000) (1024K)]
  0x0000020b04843c50 JavaThread "Thread-4"                   daemon [_thread_in_native, id=20272, stack(0x0000002db8900000,0x0000002db8a00000) (1024K)]
  0x0000020b048442e0 JavaThread "Thread-5"                   daemon [_thread_in_native, id=12608, stack(0x0000002db8a00000,0x0000002db8b00000) (1024K)]
  0x0000020b04844970 JavaThread "Thread-6"                   daemon [_thread_in_native, id=15956, stack(0x0000002db8b00000,0x0000002db8c00000) (1024K)]
  0x0000020b06c6a7e0 JavaThread "Thread-7"                   daemon [_thread_in_native, id=14492, stack(0x0000002db8c00000,0x0000002db8d00000) (1024K)]
  0x0000020b06c6b500 JavaThread "Thread-8"                   daemon [_thread_in_native, id=18752, stack(0x0000002db8d00000,0x0000002db8e00000) (1024K)]
  0x0000020b06c68710 JavaThread "Thread-9"                   daemon [_thread_in_native, id=19556, stack(0x0000002db8e00000,0x0000002db8f00000) (1024K)]
  0x0000020b06c6ae70 JavaThread "Thread-10"                  daemon [_thread_in_native, id=20472, stack(0x0000002db8f00000,0x0000002db9000000) (1024K)]
  0x0000020b06c6a150 JavaThread "Thread-11"                  daemon [_thread_in_native, id=5760, stack(0x0000002db9000000,0x0000002db9100000) (1024K)]
  0x0000020b06c68080 JavaThread "Thread-12"                  daemon [_thread_in_native, id=18384, stack(0x0000002db9100000,0x0000002db9200000) (1024K)]
  0x0000020b06c6bb90 JavaThread "Thread-13"                  daemon [_thread_in_native, id=15144, stack(0x0000002db9200000,0x0000002db9300000) (1024K)]
  0x0000020b06c6c220 JavaThread "Thread-14"                  daemon [_thread_in_native, id=1460, stack(0x0000002db9300000,0x0000002db9400000) (1024K)]
  0x0000020b06c68da0 JavaThread "Thread-15"                  daemon [_thread_in_native, id=5432, stack(0x0000002db9400000,0x0000002db9500000) (1024K)]
  0x0000020b06c69430 JavaThread "Thread-16"                  daemon [_thread_in_native, id=20344, stack(0x0000002db9500000,0x0000002db9600000) (1024K)]
  0x0000020b06c6c8b0 JavaThread "Thread-17"                  daemon [_thread_in_native, id=5124, stack(0x0000002db9600000,0x0000002db9700000) (1024K)]
  0x0000020b06c6cf40 JavaThread "Thread-18"                  daemon [_thread_in_native, id=2260, stack(0x0000002db9700000,0x0000002db9800000) (1024K)]
  0x0000020b06c69ac0 JavaThread "pool-2-thread-1"                   [_thread_blocked, id=14932, stack(0x0000002db9800000,0x0000002db9900000) (1024K)]
  0x0000020b06c6d5d0 JavaThread "Worker-6"                          [_thread_blocked, id=14032, stack(0x0000002db9900000,0x0000002db9a00000) (1024K)]
  0x0000020b06c6f010 JavaThread "Worker-7"                          [_thread_blocked, id=17260, stack(0x0000002db9d00000,0x0000002db9e00000) (1024K)]
  0x0000020b06c6e980 JavaThread "WorkspaceEventsHandler"            [_thread_blocked, id=15664, stack(0x0000002db9e00000,0x0000002db9f00000) (1024K)]
  0x0000020b06c6dc60 JavaThread "pool-1-thread-1"                   [_thread_blocked, id=18556, stack(0x0000002db9f00000,0x0000002dba000000) (1024K)]
  0x0000020b06c6e2f0 JavaThread "LocalFile Deleter"          daemon [_thread_blocked, id=16572, stack(0x0000002db6500000,0x0000002db6600000) (1024K)]
  0x0000020b048407d0 JavaThread "LocalFile Deleter"          daemon [_thread_blocked, id=19252, stack(0x0000002db6600000,0x0000002db6700000) (1024K)]
  0x0000020b124a70c0 JavaThread "LocalFile Deleter"          daemon [_thread_blocked, id=19944, stack(0x0000002db7e00000,0x0000002db7f00000) (1024K)]
  0x0000020b124a7750 JavaThread "LocalFile Deleter"          daemon [_thread_blocked, id=19072, stack(0x0000002db7f00000,0x0000002db8000000) (1024K)]
  0x0000020b124a4ff0 JavaThread "LocalFile Deleter"          daemon [_thread_blocked, id=3144, stack(0x0000002db9a00000,0x0000002db9b00000) (1024K)]
  0x0000020b124a6a30 JavaThread "LocalFile Deleter"          daemon [_thread_blocked, id=18940, stack(0x0000002db9b00000,0x0000002db9c00000) (1024K)]
  0x0000020b124a4960 JavaThread "LocalFile Deleter"          daemon [_thread_blocked, id=19368, stack(0x0000002db9c00000,0x0000002db9d00000) (1024K)]
  0x0000020b124a63a0 JavaThread "LocalFile Deleter"          daemon [_thread_blocked, id=13380, stack(0x0000002dba000000,0x0000002dba100000) (1024K)]
  0x0000020b124a7de0 JavaThread "LocalFile Deleter"          daemon [_thread_blocked, id=5768, stack(0x0000002dba100000,0x0000002dba200000) (1024K)]
  0x0000020b124a8470 JavaThread "LocalFile Deleter"          daemon [_thread_blocked, id=6432, stack(0x0000002dba200000,0x0000002dba300000) (1024K)]
  0x0000020b124a8b00 JavaThread "LocalFile Deleter"          daemon [_thread_blocked, id=19132, stack(0x0000002dba300000,0x0000002dba400000) (1024K)]
  0x0000020b124a5680 JavaThread "LocalFile Deleter"          daemon [_thread_blocked, id=8504, stack(0x0000002dba400000,0x0000002dba500000) (1024K)]
  0x0000020b124a9190 JavaThread "LocalFile Deleter"          daemon [_thread_blocked, id=14652, stack(0x0000002dba500000,0x0000002dba600000) (1024K)]
  0x0000020b124a5d10 JavaThread "LocalFile Deleter"          daemon [_thread_blocked, id=14440, stack(0x0000002dba600000,0x0000002dba700000) (1024K)]
  0x0000020b124a9820 JavaThread "LocalFile Deleter"          daemon [_thread_blocked, id=2396, stack(0x0000002dba700000,0x0000002dba800000) (1024K)]
  0x0000020b124a9eb0 JavaThread "LocalFile Deleter"          daemon [_thread_blocked, id=16396, stack(0x0000002dba800000,0x0000002dba900000) (1024K)]
  0x0000020b124aa540 JavaThread "Compiler Source File Reader" daemon [_thread_blocked, id=18176, stack(0x0000002dba900000,0x0000002dbaa00000) (1024K)]
  0x0000020b124aabd0 JavaThread "Compiler Source File Reader" daemon [_thread_blocked, id=5232, stack(0x0000002dbaa00000,0x0000002dbab00000) (1024K)]
  0x0000020b124ab260 JavaThread "Compiler Source File Reader" daemon [_thread_blocked, id=16400, stack(0x0000002dbab00000,0x0000002dbac00000) (1024K)]
  0x0000020b124ab8f0 JavaThread "Compiler Source File Reader" daemon [_thread_blocked, id=19424, stack(0x0000002dbac00000,0x0000002dbad00000) (1024K)]
  0x0000020b0cc12820 JavaThread "Compiler Source File Reader" daemon [_thread_blocked, id=3040, stack(0x0000002dbad00000,0x0000002dbae00000) (1024K)]
  0x0000020b0cc12eb0 JavaThread "Compiler Source File Reader" daemon [_thread_blocked, id=1808, stack(0x0000002dbae00000,0x0000002dbaf00000) (1024K)]
  0x0000020b0cc11470 JavaThread "Compiler Source File Reader" daemon [_thread_blocked, id=18560, stack(0x0000002dbaf00000,0x0000002dbb000000) (1024K)]
  0x0000020b0cc12190 JavaThread "Compiler Source File Reader" daemon [_thread_blocked, id=14868, stack(0x0000002dbb000000,0x0000002dbb100000) (1024K)]
  0x0000020b0cc13540 JavaThread "Compiler Source File Reader" daemon [_thread_blocked, id=11656, stack(0x0000002dbb100000,0x0000002dbb200000) (1024K)]
  0x0000020b0cc100c0 JavaThread "Compiler Source File Reader" daemon [_thread_blocked, id=18208, stack(0x0000002dbb200000,0x0000002dbb300000) (1024K)]
  0x0000020b0cc11b00 JavaThread "Compiler Source File Reader" daemon [_thread_blocked, id=19372, stack(0x0000002dbb300000,0x0000002dbb400000) (1024K)]
  0x0000020b0cc13bd0 JavaThread "Compiler Source File Reader" daemon [_thread_blocked, id=14372, stack(0x0000002dbb400000,0x0000002dbb500000) (1024K)]
  0x0000020b0cc10750 JavaThread "Compiler Source File Reader" daemon [_thread_blocked, id=9172, stack(0x0000002dbb500000,0x0000002dbb600000) (1024K)]
  0x0000020b0cc14260 JavaThread "Compiler Processing Task"   daemon [_thread_blocked, id=3952, stack(0x0000002dbb800000,0x0000002dbb900000) (1024K)]
  0x0000020b0cc10de0 JavaThread "Compiler Class File Writer" daemon [_thread_blocked, id=19192, stack(0x0000002dbb900000,0x0000002dbba00000) (1024K)]
  0x0000020b0cc14f80 JavaThread "Compiler Class File Writer" daemon [_thread_blocked, id=14620, stack(0x0000002dbba00000,0x0000002dbbb00000) (1024K)]
  0x0000020b0cc148f0 JavaThread "Compiler Class File Writer" daemon [_thread_blocked, id=19384, stack(0x0000002dbbf00000,0x0000002dbc000000) (1024K)]
  0x0000020b0cc15610 JavaThread "Compiler Class File Writer" daemon [_thread_blocked, id=20400, stack(0x0000002dbc000000,0x0000002dbc100000) (1024K)]
  0x0000020b0cc16330 JavaThread "Compiler Class File Writer" daemon [_thread_blocked, id=9880, stack(0x0000002dbc100000,0x0000002dbc200000) (1024K)]
  0x0000020b0cc169c0 JavaThread "Compiler Class File Writer" daemon [_thread_blocked, id=13636, stack(0x0000002dbc200000,0x0000002dbc300000) (1024K)]
  0x0000020b0cc15ca0 JavaThread "Compiler Class File Writer" daemon [_thread_blocked, id=6488, stack(0x0000002dbc300000,0x0000002dbc400000) (1024K)]
  0x0000020b0cc17050 JavaThread "Compiler Class File Writer" daemon [_thread_blocked, id=17576, stack(0x0000002dbc400000,0x0000002dbc500000) (1024K)]
  0x0000020b0cc176e0 JavaThread "Compiler Class File Writer" daemon [_thread_blocked, id=3816, stack(0x0000002dbc500000,0x0000002dbc600000) (1024K)]
  0x0000020b0d1d95b0 JavaThread "Compiler Class File Writer" daemon [_thread_blocked, id=7496, stack(0x0000002dbc600000,0x0000002dbc700000) (1024K)]
  0x0000020b0d1d6e50 JavaThread "Compiler Class File Writer" daemon [_thread_blocked, id=14324, stack(0x0000002dbc700000,0x0000002dbc800000) (1024K)]
  0x0000020b0d1d7b70 JavaThread "Compiler Source File Reader" daemon [_thread_blocked, id=17840, stack(0x0000002dbc800000,0x0000002dbc900000) (1024K)]
  0x0000020b0d1d8890 JavaThread "Compiler Class File Writer" daemon [_thread_blocked, id=17496, stack(0x0000002dbc900000,0x0000002dbca00000) (1024K)]
  0x0000020b05395df0 JavaThread "C2 CompilerThread1"         daemon [_thread_blocked, id=18476, stack(0x0000002db6000000,0x0000002db6100000) (1024K)]
  0x0000020b0d1d8f20 JavaThread "ForkJoinPool.commonPool-worker-1" daemon [_thread_blocked, id=3976, stack(0x0000002db6100000,0x0000002db6200000) (1024K)]
  0x0000020b0d1d6130 JavaThread "ForkJoinPool.commonPool-worker-2" daemon [_thread_blocked, id=15572, stack(0x0000002db6200000,0x0000002db6300000) (1024K)]
  0x0000020b0d1d9c40 JavaThread "ForkJoinPool.commonPool-worker-3" daemon [_thread_blocked, id=13860, stack(0x0000002db6300000,0x0000002db6400000) (1024K)]
  0x0000020b0d1d67c0 JavaThread "ForkJoinPool.commonPool-worker-4" daemon [_thread_blocked, id=15028, stack(0x0000002dbb600000,0x0000002dbb700000) (1024K)]
  0x0000020b0d1da2d0 JavaThread "ForkJoinPool.commonPool-worker-5" daemon [_thread_blocked, id=16148, stack(0x0000002dbb700000,0x0000002dbb800000) (1024K)]
  0x0000020b0d1da960 JavaThread "ForkJoinPool.commonPool-worker-6" daemon [_thread_blocked, id=19316, stack(0x0000002dbbb00000,0x0000002dbbc00000) (1024K)]
  0x0000020b0d1d74e0 JavaThread "ForkJoinPool.commonPool-worker-7" daemon [_thread_blocked, id=14776, stack(0x0000002dbbc00000,0x0000002dbbd00000) (1024K)]
  0x0000020b0d1daff0 JavaThread "ForkJoinPool.commonPool-worker-8" daemon [_thread_blocked, id=2220, stack(0x0000002dbbe00000,0x0000002dbbf00000) (1024K)]
  0x0000020b05393510 JavaThread "C2 CompilerThread2"         daemon [_thread_blocked, id=7236, stack(0x0000002dbbd00000,0x0000002dbbe00000) (1024K)]
  0x0000020b05395720 JavaThread "C2 CompilerThread3"         daemon [_thread_blocked, id=16024, stack(0x0000002dbca00000,0x0000002dbcb00000) (1024K)]
  0x0000020b0d1dd750 JavaThread "ForkJoinPool.commonPool-worker-9" daemon [_thread_blocked, id=20188, stack(0x0000002dbcb00000,0x0000002dbcc00000) (1024K)]
  0x0000020b0d1db680 JavaThread "ForkJoinPool.commonPool-worker-10" daemon [_thread_blocked, id=4068, stack(0x0000002dbcc00000,0x0000002dbcd00000) (1024K)]
  0x0000020b0d1dbd10 JavaThread "ForkJoinPool.commonPool-worker-11" daemon [_thread_blocked, id=17296, stack(0x0000002dbcd00000,0x0000002dbce00000) (1024K)]
  0x0000020b05393be0 JavaThread "C1 CompilerThread1"         daemon [_thread_blocked, id=19980, stack(0x0000002dbce00000,0x0000002dbcf00000) (1024K)]
=>0x0000020b0e828160 JavaThread "C2 CompilerThread4"         daemon [_thread_in_native, id=3452, stack(0x0000002dbcf00000,0x0000002dbd000000) (1024K)]
  0x0000020b0e829ca0 JavaThread "C1 CompilerThread2"         daemon [_thread_blocked, id=14380, stack(0x0000002dbd000000,0x0000002dbd100000) (1024K)]
  0x0000020b0e8273c0 JavaThread "C1 CompilerThread3"         daemon [_thread_blocked, id=6892, stack(0x0000002dbd100000,0x0000002dbd200000) (1024K)]
Total: 109

Other Threads:
  0x0000020b27db6a40 VMThread "VM Thread"                           [id=18888, stack(0x0000002db5600000,0x0000002db5700000) (1024K)]
  0x0000020b7d0dca00 WatcherThread "VM Periodic Task Thread"        [id=15608, stack(0x0000002db5500000,0x0000002db5600000) (1024K)]
  0x0000020b27d39460 WorkerThread "GC Thread#0"                     [id=4700, stack(0x0000002db5400000,0x0000002db5500000) (1024K)]
  0x0000020b0423ffb0 WorkerThread "GC Thread#1"                     [id=5216, stack(0x0000002db6800000,0x0000002db6900000) (1024K)]
  0x0000020b04999ce0 WorkerThread "GC Thread#2"                     [id=13376, stack(0x0000002db6900000,0x0000002db6a00000) (1024K)]
  0x0000020b0499b090 WorkerThread "GC Thread#3"                     [id=13964, stack(0x0000002db6a00000,0x0000002db6b00000) (1024K)]
  0x0000020b044a04a0 WorkerThread "GC Thread#4"                     [id=6456, stack(0x0000002db6b00000,0x0000002db6c00000) (1024K)]
  0x0000020b044a0840 WorkerThread "GC Thread#5"                     [id=20376, stack(0x0000002db6c00000,0x0000002db6d00000) (1024K)]
  0x0000020b044a0be0 WorkerThread "GC Thread#6"                     [id=11132, stack(0x0000002db6d00000,0x0000002db6e00000) (1024K)]
  0x0000020b04f0b2b0 WorkerThread "GC Thread#7"                     [id=13816, stack(0x0000002db6f00000,0x0000002db7000000) (1024K)]
  0x0000020b04b207a0 WorkerThread "GC Thread#8"                     [id=12856, stack(0x0000002db7400000,0x0000002db7500000) (1024K)]
  0x0000020b05214a80 WorkerThread "GC Thread#9"                     [id=19264, stack(0x0000002db7500000,0x0000002db7600000) (1024K)]
  0x0000020b05214e20 WorkerThread "GC Thread#10"                    [id=19516, stack(0x0000002db6700000,0x0000002db6800000) (1024K)]
  0x0000020b052134c0 WorkerThread "GC Thread#11"                    [id=4880, stack(0x0000002db7700000,0x0000002db7800000) (1024K)]
  0x0000020b05213fa0 WorkerThread "GC Thread#12"                    [id=1696, stack(0x0000002db7a00000,0x0000002db7b00000) (1024K)]
Total: 15

Threads with active compile tasks:
C2 CompilerThread0  21819 13663       4       org.eclipse.core.runtime.Path::toOSString (224 bytes)
C2 CompilerThread1  21819 13618       4       org.eclipse.jdt.internal.core.JavaModel::getExternalTarget (85 bytes)
C2 CompilerThread2  21819 13661       4       org.eclipse.core.runtime.Path::append (264 bytes)
C2 CompilerThread3  21819 13665       4       java.lang.reflect.Field::get (39 bytes)
C2 CompilerThread4  21819 13215  s!   4       org.eclipse.jdt.internal.core.index.DiskIndex::readCategoryTable (743 bytes)
C1 CompilerThread3  21819 13671       3       java.lang.Class::getInterfaces (49 bytes)
Total: 6

VM state: at safepoint (normal execution)

VM Mutex/Monitor currently owned by a thread:  ([mutex/lock_event])
[0x00007ff93b49e380] Threads_lock - owner thread: 0x0000020b27db6a40
[0x00007ff93b49e480] Heap_lock - owner thread: 0x0000020b04842f30

Heap address: 0x00000000c0000000, size: 1024 MB, Compressed Oops mode: 32-bit

CDS archive(s) mapped at: [0x0000020b3c000000-0x0000020b3cba0000-0x0000020b3cba0000), size 12189696, SharedBaseAddress: 0x0000020b3c000000, ArchiveRelocationMode: 1.
Compressed class space mapped at: 0x0000020b3d000000-0x0000020b7d000000, reserved size: 1073741824
Narrow klass base: 0x0000020b3c000000, Narrow klass shift: 0, Narrow klass range: 0x100000000

GC Precious Log:
 CardTable entry size: 512
 CPUs: 16 total, 16 available
 Memory: 16280M
 Large Page Support: Disabled
 NUMA Support: Disabled
 Compressed Oops: Enabled (32-bit)
 Alignments: Space 512K, Generation 512K, Heap 2M
 Heap Min Capacity: 100M
 Heap Initial Capacity: 100M
 Heap Max Capacity: 1G
 Pre-touch: Disabled
 Parallel Workers: 13

Heap:
 PSYoungGen      total 2560K, used 1021K [0x00000000eab00000, 0x00000000eae80000, 0x0000000100000000)
  eden space 1536K, 0% used [0x00000000eab00000,0x00000000eab00000,0x00000000eac80000)
  from space 1024K, 99% used [0x00000000eac80000,0x00000000ead7f430,0x00000000ead80000)
  to   space 1024K, 0% used [0x00000000ead80000,0x00000000ead80000,0x00000000eae80000)
 ParOldGen       total 691200K, used 691156K [0x00000000c0000000, 0x00000000ea300000, 0x00000000eab00000)
  object space 691200K, 99% used [0x00000000c0000000,0x00000000ea2f5278,0x00000000ea300000)
 Metaspace       used 66046K, committed 67584K, reserved 1114112K
  class space    used 6735K, committed 7424K, reserved 1048576K

Card table byte_map: [0x0000020b276b0000,0x0000020b278c0000] _byte_map_base: 0x0000020b270b0000

Marking Bits: (ParMarkBitMap*) 0x00007ff93b4a3260
 Begin Bits: [0x0000020b39f00000, 0x0000020b3af00000)
 End Bits:   [0x0000020b3af00000, 0x0000020b3bf00000)

Polling page: 0x0000020b25ad0000

Metaspace:

Usage:
  Non-class:     57.92 MB used.
      Class:      6.58 MB used.
       Both:     64.50 MB used.

Virtual space:
  Non-class space:       64.00 MB reserved,      58.75 MB ( 92%) committed,  1 nodes.
      Class space:        1.00 GB reserved,       7.25 MB ( <1%) committed,  1 nodes.
             Both:        1.06 GB reserved,      66.00 MB (  6%) committed. 

Chunk freelists:
   Non-Class:  4.97 MB
       Class:  8.80 MB
        Both:  13.77 MB

MaxMetaspaceSize: unlimited
CompressedClassSpaceSize: 1.00 GB
Initial GC threshold: 21.00 MB
Current GC threshold: 97.31 MB
CDS: on
 - commit_granule_bytes: 65536.
 - commit_granule_words: 8192.
 - virtual_space_node_default_size: 8388608.
 - enlarge_chunks_in_place: 1.
 - use_allocation_guard: 0.


Internal statistics:

num_allocs_failed_limit: 9.
num_arena_births: 1232.
num_arena_deaths: 14.
num_vsnodes_births: 2.
num_vsnodes_deaths: 0.
num_space_committed: 1056.
num_space_uncommitted: 0.
num_chunks_returned_to_freelist: 23.
num_chunks_taken_from_freelist: 4399.
num_chunk_merges: 12.
num_chunk_splits: 2687.
num_chunks_enlarged: 1467.
num_inconsistent_stats: 0.

CodeHeap 'non-profiled nmethods': size=119168Kb used=10680Kb max_used=10680Kb free=108487Kb
 bounds [0x0000020b32aa0000, 0x0000020b33510000, 0x0000020b39f00000]
CodeHeap 'profiled nmethods': size=119104Kb used=30096Kb max_used=30096Kb free=89007Kb
 bounds [0x0000020b2af00000, 0x0000020b2cc70000, 0x0000020b32350000]
CodeHeap 'non-nmethods': size=7488Kb used=3140Kb max_used=3267Kb free=4347Kb
 bounds [0x0000020b32350000, 0x0000020b326a0000, 0x0000020b32aa0000]
 total_blobs=13494 nmethods=12735 adapters=661
 compilation: enabled
              stopped_count=0, restarted_count=0
 full_count=0

Compilation events (20 events):
Event: 20.779 Thread 0x0000020b05393be0 nmethod 13660 0x0000020b33509a10 code [0x0000020b33509ba0, 0x0000020b33509c68]
Event: 20.779 Thread 0x0000020b0e8273c0 nmethod 13659 0x0000020b2cc60410 code [0x0000020b2cc60620, 0x0000020b2cc60ba8]
Event: 20.779 Thread 0x0000020b0e829ca0 13662       3       org.eclipse.jdt.internal.core.util.Messages::bind (17 bytes)
Event: 20.779 Thread 0x0000020b05393510 13661       4       org.eclipse.core.runtime.Path::append (264 bytes)
Event: 20.780 Thread 0x0000020b0e829ca0 nmethod 13662 0x0000020b2cc60d90 code [0x0000020b2cc60f80, 0x0000020b2cc61520]
Event: 20.780 Thread 0x0000020b7e6c2a30 nmethod 13648 0x0000020b33509d10 code [0x0000020b33509f20, 0x0000020b3350a880]
Event: 20.780 Thread 0x0000020b7e6c2a30 13663       4       org.eclipse.core.runtime.Path::toOSString (224 bytes)
Event: 20.781 Thread 0x0000020b05395720 nmethod 13610 0x0000020b3350ac90 code [0x0000020b3350afa0, 0x0000020b3350c870]
Event: 20.781 Thread 0x0000020b05395720 13664       4       java.lang.invoke.DirectMethodHandle::make (21 bytes)
Event: 20.783 Thread 0x0000020b05395720 nmethod 13664 0x0000020b3350db10 code [0x0000020b3350dca0, 0x0000020b3350dd68]
Event: 20.783 Thread 0x0000020b05395720 13665       4       java.lang.reflect.Field::get (39 bytes)
Event: 20.785 Thread 0x0000020b05393be0 13667       3       java.lang.invoke.MethodTypeForm::hasPrimitives (13 bytes)
Event: 20.785 Thread 0x0000020b05393be0 nmethod 13667 0x0000020b2cc61710 code [0x0000020b2cc618a0, 0x0000020b2cc61a00]
Event: 20.785 Thread 0x0000020b05393be0 13668       3       java.nio.ByteBuffer::put (124 bytes)
Event: 20.785 Thread 0x0000020b0e8273c0 13669   !   3       java.nio.ByteBuffer::putBuffer (142 bytes)
Event: 20.786 Thread 0x0000020b05393be0 nmethod 13668 0x0000020b2cc61a90 code [0x0000020b2cc61ce0, 0x0000020b2cc62508]
Event: 20.787 Thread 0x0000020b0e8273c0 nmethod 13669 0x0000020b2cc62790 code [0x0000020b2cc62a60, 0x0000020b2cc63920]
Event: 20.788 Thread 0x0000020b0e8273c0 13670       1       org.eclipse.jdt.internal.compiler.ast.AbstractMethodDeclaration::isAnnotationMethod (2 bytes)
Event: 20.788 Thread 0x0000020b0e8273c0 nmethod 13670 0x0000020b3350de10 code [0x0000020b3350dfa0, 0x0000020b3350e068]
Event: 20.788 Thread 0x0000020b0e8273c0 13671       3       java.lang.Class::getInterfaces (49 bytes)

GC Heap History (20 events):
Event: 20.728 GC heap after
{Heap after GC invocations=1844 (full 3):
 PSYoungGen      total 1536K, used 491K [0x00000000eab00000, 0x00000000eae00000, 0x0000000100000000)
  eden space 1024K, 0% used [0x00000000eab00000,0x00000000eab00000,0x00000000eac00000)
  from space 512K, 96% used [0x00000000eac80000,0x00000000eacfaef0,0x00000000ead00000)
  to   space 1024K, 0% used [0x00000000ead00000,0x00000000ead00000,0x00000000eae00000)
 ParOldGen       total 687104K, used 686829K [0x00000000c0000000, 0x00000000e9f00000, 0x00000000eab00000)
  object space 687104K, 99% used [0x00000000c0000000,0x00000000e9ebb5a0,0x00000000e9f00000)
 Metaspace       used 65428K, committed 66944K, reserved 1114112K
  class space    used 6684K, committed 7360K, reserved 1048576K
}
Event: 20.731 GC heap before
{Heap before GC invocations=1845 (full 3):
 PSYoungGen      total 1536K, used 1515K [0x00000000eab00000, 0x00000000eae00000, 0x0000000100000000)
  eden space 1024K, 99% used [0x00000000eab00000,0x00000000eabfffb0,0x00000000eac00000)
  from space 512K, 96% used [0x00000000eac80000,0x00000000eacfaef0,0x00000000ead00000)
  to   space 1024K, 0% used [0x00000000ead00000,0x00000000ead00000,0x00000000eae00000)
 ParOldGen       total 687104K, used 686829K [0x00000000c0000000, 0x00000000e9f00000, 0x00000000eab00000)
  object space 687104K, 99% used [0x00000000c0000000,0x00000000e9ebb5a0,0x00000000e9f00000)
 Metaspace       used 65556K, committed 67072K, reserved 1114112K
  class space    used 6689K, committed 7360K, reserved 1048576K
}
Event: 20.733 GC heap after
{Heap after GC invocations=1845 (full 3):
 PSYoungGen      total 1536K, used 449K [0x00000000eab00000, 0x00000000ead80000, 0x0000000100000000)
  eden space 1024K, 0% used [0x00000000eab00000,0x00000000eab00000,0x00000000eac00000)
  from space 512K, 87% used [0x00000000ead00000,0x00000000ead70630,0x00000000ead80000)
  to   space 512K, 0% used [0x00000000eac80000,0x00000000eac80000,0x00000000ead00000)
 ParOldGen       total 687104K, used 686925K [0x00000000c0000000, 0x00000000e9f00000, 0x00000000eab00000)
  object space 687104K, 99% used [0x00000000c0000000,0x00000000e9ed35a0,0x00000000e9f00000)
 Metaspace       used 65556K, committed 67072K, reserved 1114112K
  class space    used 6689K, committed 7360K, reserved 1048576K
}
Event: 20.741 GC heap before
{Heap before GC invocations=1846 (full 3):
 PSYoungGen      total 1536K, used 1473K [0x00000000eab00000, 0x00000000ead80000, 0x0000000100000000)
  eden space 1024K, 100% used [0x00000000eab00000,0x00000000eac00000,0x00000000eac00000)
  from space 512K, 87% used [0x00000000ead00000,0x00000000ead70630,0x00000000ead80000)
  to   space 512K, 0% used [0x00000000eac80000,0x00000000eac80000,0x00000000ead00000)
 ParOldGen       total 687104K, used 686925K [0x00000000c0000000, 0x00000000e9f00000, 0x00000000eab00000)
  object space 687104K, 99% used [0x00000000c0000000,0x00000000e9ed3610,0x00000000e9f00000)
 Metaspace       used 65725K, committed 67264K, reserved 1114112K
  class space    used 6698K, committed 7360K, reserved 1048576K
}
Event: 20.742 GC heap after
{Heap after GC invocations=1846 (full 3):
 PSYoungGen      total 1536K, used 400K [0x00000000eab00000, 0x00000000ead80000, 0x0000000100000000)
  eden space 1024K, 0% used [0x00000000eab00000,0x00000000eab00000,0x00000000eac00000)
  from space 512K, 78% used [0x00000000eac80000,0x00000000eace4010,0x00000000ead00000)
  to   space 512K, 0% used [0x00000000ead00000,0x00000000ead00000,0x00000000ead80000)
 ParOldGen       total 687104K, used 687045K [0x00000000c0000000, 0x00000000e9f00000, 0x00000000eab00000)
  object space 687104K, 99% used [0x00000000c0000000,0x00000000e9ef1610,0x00000000e9f00000)
 Metaspace       used 65725K, committed 67264K, reserved 1114112K
  class space    used 6698K, committed 7360K, reserved 1048576K
}
Event: 20.750 GC heap before
{Heap before GC invocations=1847 (full 3):
 PSYoungGen      total 1536K, used 1424K [0x00000000eab00000, 0x00000000ead80000, 0x0000000100000000)
  eden space 1024K, 100% used [0x00000000eab00000,0x00000000eac00000,0x00000000eac00000)
  from space 512K, 78% used [0x00000000eac80000,0x00000000eace4010,0x00000000ead00000)
  to   space 512K, 0% used [0x00000000ead00000,0x00000000ead00000,0x00000000ead80000)
 ParOldGen       total 687104K, used 687049K [0x00000000c0000000, 0x00000000e9f00000, 0x00000000eab00000)
  object space 687104K, 99% used [0x00000000c0000000,0x00000000e9ef2688,0x00000000e9f00000)
 Metaspace       used 65816K, committed 67328K, reserved 1114112K
  class space    used 6713K, committed 7360K, reserved 1048576K
}
Event: 20.752 GC heap after
{Heap after GC invocations=1847 (full 3):
 PSYoungGen      total 1536K, used 499K [0x00000000eab00000, 0x00000000eae00000, 0x0000000100000000)
  eden space 1024K, 0% used [0x00000000eab00000,0x00000000eab00000,0x00000000eac00000)
  from space 512K, 97% used [0x00000000ead00000,0x00000000ead7cdd8,0x00000000ead80000)
  to   space 1024K, 0% used [0x00000000eac00000,0x00000000eac00000,0x00000000ead00000)
 ParOldGen       total 687616K, used 687209K [0x00000000c0000000, 0x00000000e9f80000, 0x00000000eab00000)
  object space 687616K, 99% used [0x00000000c0000000,0x00000000e9f1a6a8,0x00000000e9f80000)
 Metaspace       used 65816K, committed 67328K, reserved 1114112K
  class space    used 6713K, committed 7360K, reserved 1048576K
}
Event: 20.757 GC heap before
{Heap before GC invocations=1848 (full 3):
 PSYoungGen      total 1536K, used 1523K [0x00000000eab00000, 0x00000000eae00000, 0x0000000100000000)
  eden space 1024K, 99% used [0x00000000eab00000,0x00000000eabfffe8,0x00000000eac00000)
  from space 512K, 97% used [0x00000000ead00000,0x00000000ead7cdd8,0x00000000ead80000)
  to   space 1024K, 0% used [0x00000000eac00000,0x00000000eac00000,0x00000000ead00000)
 ParOldGen       total 687616K, used 687374K [0x00000000c0000000, 0x00000000e9f80000, 0x00000000eab00000)
  object space 687616K, 99% used [0x00000000c0000000,0x00000000e9f43be0,0x00000000e9f80000)
 Metaspace       used 65850K, committed 67328K, reserved 1114112K
  class space    used 6714K, committed 7360K, reserved 1048576K
}
Event: 20.758 GC heap after
{Heap after GC invocations=1848 (full 3):
 PSYoungGen      total 2048K, used 718K [0x00000000eab00000, 0x00000000eae00000, 0x0000000100000000)
  eden space 1024K, 0% used [0x00000000eab00000,0x00000000eab00000,0x00000000eac00000)
  from space 1024K, 70% used [0x00000000eac00000,0x00000000eacb39b0,0x00000000ead00000)
  to   space 1024K, 0% used [0x00000000ead00000,0x00000000ead00000,0x00000000eae00000)
 ParOldGen       total 687616K, used 687584K [0x00000000c0000000, 0x00000000e9f80000, 0x00000000eab00000)
  object space 687616K, 99% used [0x00000000c0000000,0x00000000e9f782c8,0x00000000e9f80000)
 Metaspace       used 65850K, committed 67328K, reserved 1114112K
  class space    used 6714K, committed 7360K, reserved 1048576K
}
Event: 20.761 GC heap before
{Heap before GC invocations=1849 (full 3):
 PSYoungGen      total 2048K, used 1737K [0x00000000eab00000, 0x00000000eae00000, 0x0000000100000000)
  eden space 1024K, 99% used [0x00000000eab00000,0x00000000eabfebf0,0x00000000eac00000)
  from space 1024K, 70% used [0x00000000eac00000,0x00000000eacb39b0,0x00000000ead00000)
  to   space 1024K, 0% used [0x00000000ead00000,0x00000000ead00000,0x00000000eae00000)
 ParOldGen       total 687616K, used 687584K [0x00000000c0000000, 0x00000000e9f80000, 0x00000000eab00000)
  object space 687616K, 99% used [0x00000000c0000000,0x00000000e9f782c8,0x00000000e9f80000)
 Metaspace       used 65878K, committed 67328K, reserved 1114112K
  class space    used 6716K, committed 7360K, reserved 1048576K
}
Event: 20.763 GC heap after
{Heap after GC invocations=1849 (full 3):
 PSYoungGen      total 1536K, used 1018K [0x00000000eab00000, 0x00000000eb080000, 0x0000000100000000)
  eden space 512K, 0% used [0x00000000eab00000,0x00000000eab00000,0x00000000eab80000)
  from space 1024K, 99% used [0x00000000ead00000,0x00000000eadfea08,0x00000000eae00000)
  to   space 1536K, 0% used [0x00000000eab80000,0x00000000eab80000,0x00000000ead00000)
 ParOldGen       total 688128K, used 688101K [0x00000000c0000000, 0x00000000ea000000, 0x00000000eab00000)
  object space 688128K, 99% used [0x00000000c0000000,0x00000000e9ff9638,0x00000000ea000000)
 Metaspace       used 65878K, committed 67328K, reserved 1114112K
  class space    used 6716K, committed 7360K, reserved 1048576K
}
Event: 20.765 GC heap before
{Heap before GC invocations=1850 (full 3):
 PSYoungGen      total 1536K, used 1525K [0x00000000eab00000, 0x00000000eb080000, 0x0000000100000000)
  eden space 512K, 99% used [0x00000000eab00000,0x00000000eab7ed90,0x00000000eab80000)
  from space 1024K, 99% used [0x00000000ead00000,0x00000000eadfea08,0x00000000eae00000)
  to   space 1536K, 0% used [0x00000000eab80000,0x00000000eab80000,0x00000000ead00000)
 ParOldGen       total 688128K, used 688101K [0x00000000c0000000, 0x00000000ea000000, 0x00000000eab00000)
  object space 688128K, 99% used [0x00000000c0000000,0x00000000e9ff9638,0x00000000ea000000)
 Metaspace       used 65920K, committed 67392K, reserved 1114112K
  class space    used 6718K, committed 7360K, reserved 1048576K
}
Event: 20.766 GC heap after
{Heap after GC invocations=1850 (full 3):
 PSYoungGen      total 2048K, used 575K [0x00000000eab00000, 0x00000000eae00000, 0x0000000100000000)
  eden space 512K, 0% used [0x00000000eab00000,0x00000000eab00000,0x00000000eab80000)
  from space 1536K, 37% used [0x00000000eab80000,0x00000000eac0fc38,0x00000000ead00000)
  to   space 1024K, 0% used [0x00000000ead00000,0x00000000ead00000,0x00000000eae00000)
 ParOldGen       total 689152K, used 688842K [0x00000000c0000000, 0x00000000ea100000, 0x00000000eab00000)
  object space 689152K, 99% used [0x00000000c0000000,0x00000000ea0b2900,0x00000000ea100000)
 Metaspace       used 65920K, committed 67392K, reserved 1114112K
  class space    used 6718K, committed 7360K, reserved 1048576K
}
Event: 20.769 GC heap before
{Heap before GC invocations=1851 (full 3):
 PSYoungGen      total 2048K, used 1066K [0x00000000eab00000, 0x00000000eae00000, 0x0000000100000000)
  eden space 512K, 96% used [0x00000000eab00000,0x00000000eab7ae60,0x00000000eab80000)
  from space 1536K, 37% used [0x00000000eab80000,0x00000000eac0fc38,0x00000000ead00000)
  to   space 1024K, 0% used [0x00000000ead00000,0x00000000ead00000,0x00000000eae00000)
 ParOldGen       total 689152K, used 688842K [0x00000000c0000000, 0x00000000ea100000, 0x00000000eab00000)
  object space 689152K, 99% used [0x00000000c0000000,0x00000000ea0b2900,0x00000000ea100000)
 Metaspace       used 65934K, committed 67456K, reserved 1114112K
  class space    used 6725K, committed 7424K, reserved 1048576K
}
Event: 20.770 GC heap after
{Heap after GC invocations=1851 (full 3):
 PSYoungGen      total 2048K, used 486K [0x00000000eab00000, 0x00000000eae00000, 0x0000000100000000)
  eden space 1024K, 0% used [0x00000000eab00000,0x00000000eab00000,0x00000000eac00000)
  from space 1024K, 47% used [0x00000000ead00000,0x00000000ead79888,0x00000000eae00000)
  to   space 1024K, 0% used [0x00000000eac00000,0x00000000eac00000,0x00000000ead00000)
 ParOldGen       total 689152K, used 689102K [0x00000000c0000000, 0x00000000ea100000, 0x00000000eab00000)
  object space 689152K, 99% used [0x00000000c0000000,0x00000000ea0f3b40,0x00000000ea100000)
 Metaspace       used 65934K, committed 67456K, reserved 1114112K
  class space    used 6725K, committed 7424K, reserved 1048576K
}
Event: 20.777 GC heap before
{Heap before GC invocations=1852 (full 3):
 PSYoungGen      total 2048K, used 1506K [0x00000000eab00000, 0x00000000eae00000, 0x0000000100000000)
  eden space 1024K, 99% used [0x00000000eab00000,0x00000000eabff298,0x00000000eac00000)
  from space 1024K, 47% used [0x00000000ead00000,0x00000000ead79888,0x00000000eae00000)
  to   space 1024K, 0% used [0x00000000eac00000,0x00000000eac00000,0x00000000ead00000)
 ParOldGen       total 689152K, used 689102K [0x00000000c0000000, 0x00000000ea100000, 0x00000000eab00000)
  object space 689152K, 99% used [0x00000000c0000000,0x00000000ea0f3b40,0x00000000ea100000)
 Metaspace       used 65972K, committed 67520K, reserved 1114112K
  class space    used 6726K, committed 7424K, reserved 1048576K
}
Event: 20.779 GC heap after
{Heap after GC invocations=1852 (full 3):
 PSYoungGen      total 2048K, used 889K [0x00000000eab00000, 0x00000000eae80000, 0x0000000100000000)
  eden space 1024K, 0% used [0x00000000eab00000,0x00000000eab00000,0x00000000eac00000)
  from space 1024K, 86% used [0x00000000eac00000,0x00000000eacde5d0,0x00000000ead00000)
  to   space 1024K, 0% used [0x00000000ead80000,0x00000000ead80000,0x00000000eae80000)
 ParOldGen       total 689664K, used 689410K [0x00000000c0000000, 0x00000000ea180000, 0x00000000eab00000)
  object space 689664K, 99% used [0x00000000c0000000,0x00000000ea140980,0x00000000ea180000)
 Metaspace       used 65972K, committed 67520K, reserved 1114112K
  class space    used 6726K, committed 7424K, reserved 1048576K
}
Event: 20.781 GC heap before
{Heap before GC invocations=1853 (full 3):
 PSYoungGen      total 2048K, used 1817K [0x00000000eab00000, 0x00000000eae80000, 0x0000000100000000)
  eden space 1024K, 90% used [0x00000000eab00000,0x00000000eabe81a0,0x00000000eac00000)
  from space 1024K, 86% used [0x00000000eac00000,0x00000000eacde5d0,0x00000000ead00000)
  to   space 1024K, 0% used [0x00000000ead80000,0x00000000ead80000,0x00000000eae80000)
 ParOldGen       total 689664K, used 689410K [0x00000000c0000000, 0x00000000ea180000, 0x00000000eab00000)
  object space 689664K, 99% used [0x00000000c0000000,0x00000000ea140980,0x00000000ea180000)
 Metaspace       used 66004K, committed 67520K, reserved 1114112K
  class space    used 6729K, committed 7424K, reserved 1048576K
}
Event: 20.782 GC heap after
{Heap after GC invocations=1853 (full 3):
 PSYoungGen      total 2560K, used 919K [0x00000000eab00000, 0x00000000eae80000, 0x0000000100000000)
  eden space 1536K, 0% used [0x00000000eab00000,0x00000000eab00000,0x00000000eac80000)
  from space 1024K, 89% used [0x00000000ead80000,0x00000000eae65e28,0x00000000eae80000)
  to   space 1024K, 0% used [0x00000000eac80000,0x00000000eac80000,0x00000000ead80000)
 ParOldGen       total 690176K, used 690159K [0x00000000c0000000, 0x00000000ea200000, 0x00000000eab00000)
  object space 690176K, 99% used [0x00000000c0000000,0x00000000ea1fbc20,0x00000000ea200000)
 Metaspace       used 66004K, committed 67520K, reserved 1114112K
  class space    used 6729K, committed 7424K, reserved 1048576K
}
Event: 20.789 GC heap before
{Heap before GC invocations=1854 (full 3):
 PSYoungGen      total 2560K, used 2440K [0x00000000eab00000, 0x00000000eae80000, 0x0000000100000000)
  eden space 1536K, 98% used [0x00000000eab00000,0x00000000eac7c260,0x00000000eac80000)
  from space 1024K, 89% used [0x00000000ead80000,0x00000000eae65e28,0x00000000eae80000)
  to   space 1024K, 0% used [0x00000000eac80000,0x00000000eac80000,0x00000000ead80000)
 ParOldGen       total 690176K, used 690159K [0x00000000c0000000, 0x00000000ea200000, 0x00000000eab00000)
  object space 690176K, 99% used [0x00000000c0000000,0x00000000ea1fbc20,0x00000000ea200000)
 Metaspace       used 66046K, committed 67584K, reserved 1114112K
  class space    used 6735K, committed 7424K, reserved 1048576K
}

Dll operation events (10 events):
Event: 0.009 Loaded shared library c:\Users\Admin\.vscode\extensions\redhat.java-1.41.1-win32-x64\jre\21.0.6-win32-x86_64\bin\java.dll
Event: 0.070 Loaded shared library c:\Users\Admin\.vscode\extensions\redhat.java-1.41.1-win32-x64\jre\21.0.6-win32-x86_64\bin\zip.dll
Event: 0.087 Loaded shared library C:\Users\Admin\.vscode\extensions\redhat.java-1.41.1-win32-x64\jre\21.0.6-win32-x86_64\bin\instrument.dll
Event: 0.090 Loaded shared library C:\Users\Admin\.vscode\extensions\redhat.java-1.41.1-win32-x64\jre\21.0.6-win32-x86_64\bin\net.dll
Event: 0.092 Loaded shared library C:\Users\Admin\.vscode\extensions\redhat.java-1.41.1-win32-x64\jre\21.0.6-win32-x86_64\bin\nio.dll
Event: 0.094 Loaded shared library C:\Users\Admin\.vscode\extensions\redhat.java-1.41.1-win32-x64\jre\21.0.6-win32-x86_64\bin\zip.dll
Event: 0.107 Loaded shared library C:\Users\Admin\.vscode\extensions\redhat.java-1.41.1-win32-x64\jre\21.0.6-win32-x86_64\bin\jimage.dll
Event: 0.166 Loaded shared library c:\Users\Admin\.vscode\extensions\redhat.java-1.41.1-win32-x64\jre\21.0.6-win32-x86_64\bin\verify.dll
Event: 0.977 Loaded shared library C:\Users\Admin\AppData\Roaming\Code\User\globalStorage\redhat.java\1.41.1\config_win\org.eclipse.equinox.launcher\org.eclipse.equinox.launcher.win32.win32.x86_64_1.2.1300.v20250331-1702\eclipse_11911.dll
Event: 2.070 Loaded shared library C:\Users\Admin\AppData\Local\Temp\jna--626380378\jna10606366731964910908.dll

Deoptimization events (20 events):
Event: 20.788 Thread 0x0000020b04841b80 Uncommon trap: trap_request=0xffffffc6 fr.pc=0x0000020b334db70c relative=0x00000000000002ec
Event: 20.788 Thread 0x0000020b04841b80 Uncommon trap: reason=bimorphic_or_optimized_type_check action=maybe_recompile pc=0x0000020b334db70c method=org.eclipse.jdt.internal.compiler.parser.Parser.consumeRule(I)V @ 4097 c2
Event: 20.788 Thread 0x0000020b04841b80 DEOPT PACKING pc=0x0000020b334db70c sp=0x0000002db80fec30
Event: 20.788 Thread 0x0000020b04841b80 DEOPT UNPACKING pc=0x0000020b323a3aa2 sp=0x0000002db80febc0 mode 2
Event: 20.788 Thread 0x0000020b04841b80 Uncommon trap: trap_request=0xffffffc6 fr.pc=0x0000020b334db70c relative=0x00000000000002ec
Event: 20.788 Thread 0x0000020b04841b80 Uncommon trap: reason=bimorphic_or_optimized_type_check action=maybe_recompile pc=0x0000020b334db70c method=org.eclipse.jdt.internal.compiler.parser.Parser.consumeRule(I)V @ 4097 c2
Event: 20.788 Thread 0x0000020b04841b80 DEOPT PACKING pc=0x0000020b334db70c sp=0x0000002db80fec30
Event: 20.788 Thread 0x0000020b04841b80 DEOPT UNPACKING pc=0x0000020b323a3aa2 sp=0x0000002db80febc0 mode 2
Event: 20.788 Thread 0x0000020b04841b80 Uncommon trap: trap_request=0xffffffc6 fr.pc=0x0000020b334db70c relative=0x00000000000002ec
Event: 20.788 Thread 0x0000020b04841b80 Uncommon trap: reason=bimorphic_or_optimized_type_check action=maybe_recompile pc=0x0000020b334db70c method=org.eclipse.jdt.internal.compiler.parser.Parser.consumeRule(I)V @ 4097 c2
Event: 20.788 Thread 0x0000020b04841b80 DEOPT PACKING pc=0x0000020b334db70c sp=0x0000002db80fec30
Event: 20.788 Thread 0x0000020b04841b80 DEOPT UNPACKING pc=0x0000020b323a3aa2 sp=0x0000002db80febc0 mode 2
Event: 20.788 Thread 0x0000020b04841b80 Uncommon trap: trap_request=0xffffffc6 fr.pc=0x0000020b334db70c relative=0x00000000000002ec
Event: 20.788 Thread 0x0000020b04841b80 Uncommon trap: reason=bimorphic_or_optimized_type_check action=maybe_recompile pc=0x0000020b334db70c method=org.eclipse.jdt.internal.compiler.parser.Parser.consumeRule(I)V @ 4097 c2
Event: 20.788 Thread 0x0000020b04841b80 DEOPT PACKING pc=0x0000020b334db70c sp=0x0000002db80fec30
Event: 20.788 Thread 0x0000020b04841b80 DEOPT UNPACKING pc=0x0000020b323a3aa2 sp=0x0000002db80febc0 mode 2
Event: 20.788 Thread 0x0000020b04841b80 Uncommon trap: trap_request=0xffffff45 fr.pc=0x0000020b32d622f4 relative=0x00000000000016b4
Event: 20.789 Thread 0x0000020b04841b80 Uncommon trap: reason=unstable_if action=reinterpret pc=0x0000020b32d622f4 method=org.eclipse.jdt.internal.compiler.util.HashtableOfObject.get([C)Ljava/lang/Object; @ 37 c2
Event: 20.789 Thread 0x0000020b04841b80 DEOPT PACKING pc=0x0000020b32d622f4 sp=0x0000002db80fe940
Event: 20.789 Thread 0x0000020b04841b80 DEOPT UNPACKING pc=0x0000020b323a3aa2 sp=0x0000002db80fe868 mode 2

Classes loaded (20 events):
Event: 20.312 Loading class java/util/concurrent/CompletableFuture$UniExceptionally
Event: 20.312 Loading class java/util/concurrent/CompletableFuture$UniExceptionally done
Event: 20.508 Loading class java/nio/charset/CharacterCodingException
Event: 20.508 Loading class java/nio/charset/CharacterCodingException done
Event: 20.508 Loading class java/io/SequenceInputStream
Event: 20.508 Loading class java/io/SequenceInputStream done
Event: 20.673 Loading class org/xml/sax/SAXNotRecognizedException
Event: 20.673 Loading class org/xml/sax/SAXNotRecognizedException done
Event: 20.673 Loading class org/xml/sax/SAXNotSupportedException
Event: 20.673 Loading class org/xml/sax/SAXNotSupportedException done
Event: 20.674 Loading class com/sun/org/apache/xerces/internal/util/URI
Event: 20.675 Loading class com/sun/org/apache/xerces/internal/util/URI done
Event: 20.677 Loading class com/sun/org/apache/xerces/internal/xni/XNIException
Event: 20.677 Loading class com/sun/org/apache/xerces/internal/xni/XNIException done
Event: 20.677 Loading class com/sun/org/apache/xerces/internal/xni/parser/XMLParseException
Event: 20.677 Loading class com/sun/org/apache/xerces/internal/xni/parser/XMLParseException done
Event: 20.713 Loading class java/util/HashMap$EntrySpliterator
Event: 20.714 Loading class java/util/HashMap$EntrySpliterator done
Event: 20.731 Loading class java/lang/UnsupportedClassVersionError
Event: 20.731 Loading class java/lang/UnsupportedClassVersionError done

Classes unloaded (7 events):
Event: 2.539 Thread 0x0000020b27db6a40 Unloading class 0x0000020b3d194c00 'java/lang/invoke/LambdaForm$MH+0x0000020b3d194c00'
Event: 2.539 Thread 0x0000020b27db6a40 Unloading class 0x0000020b3d194800 'java/lang/invoke/LambdaForm$MH+0x0000020b3d194800'
Event: 2.539 Thread 0x0000020b27db6a40 Unloading class 0x0000020b3d194400 'java/lang/invoke/LambdaForm$MH+0x0000020b3d194400'
Event: 2.539 Thread 0x0000020b27db6a40 Unloading class 0x0000020b3d194000 'java/lang/invoke/LambdaForm$MH+0x0000020b3d194000'
Event: 2.539 Thread 0x0000020b27db6a40 Unloading class 0x0000020b3d193c00 'java/lang/invoke/LambdaForm$BMH+0x0000020b3d193c00'
Event: 2.539 Thread 0x0000020b27db6a40 Unloading class 0x0000020b3d193800 'java/lang/invoke/LambdaForm$DMH+0x0000020b3d193800'
Event: 2.539 Thread 0x0000020b27db6a40 Unloading class 0x0000020b3d192400 'java/lang/invoke/LambdaForm$DMH+0x0000020b3d192400'

Classes redefined (0 events):
No events

Internal exceptions (20 events):
Event: 20.404 Thread 0x0000020b0d1d9c40 Exception <a 'java/lang/NoSuchMethodError'{0x00000000eabf6268}: 'java.lang.Object java.lang.invoke.Invokers$Holder.linkToTargetMethod(java.lang.Object, java.lang.Object, java.lang.Object, int, java.lang.Object)'> (0x00000000eabf6268) 
thrown [s\src\hotspot\share\interpreter\linkResolver.cpp, line 773]
Event: 20.514 Thread 0x0000020b06c6dc60 Exception <a 'java/io/FileNotFoundException'{0x00000000eabfde28}> (0x00000000eabfde28) 
thrown [s\src\hotspot\share\prims\jni.cpp, line 520]
Event: 20.514 Thread 0x0000020b06c6dc60 Exception <a 'java/io/FileNotFoundException'{0x00000000eabff080}> (0x00000000eabff080) 
thrown [s\src\hotspot\share\prims\jni.cpp, line 520]
Event: 20.589 Thread 0x0000020b06c6dc60 Exception <a 'sun/nio/fs/WindowsException'{0x00000000eabd8138}> (0x00000000eabd8138) 
thrown [s\src\hotspot\share\prims\jni.cpp, line 520]
Event: 20.589 Thread 0x0000020b06c6dc60 Exception <a 'sun/nio/fs/WindowsException'{0x00000000eabd8788}> (0x00000000eabd8788) 
thrown [s\src\hotspot\share\prims\jni.cpp, line 520]
Event: 20.590 Thread 0x0000020b06c6dc60 Exception <a 'sun/nio/fs/WindowsException'{0x00000000eabdbbf8}> (0x00000000eabdbbf8) 
thrown [s\src\hotspot\share\prims\jni.cpp, line 520]
Event: 20.590 Thread 0x0000020b06c6dc60 Exception <a 'sun/nio/fs/WindowsException'{0x00000000eabdc248}> (0x00000000eabdc248) 
thrown [s\src\hotspot\share\prims\jni.cpp, line 520]
Event: 20.590 Thread 0x0000020b06c6dc60 Exception <a 'sun/nio/fs/WindowsException'{0x00000000eabdd240}> (0x00000000eabdd240) 
thrown [s\src\hotspot\share\prims\jni.cpp, line 520]
Event: 20.590 Thread 0x0000020b06c6dc60 Exception <a 'sun/nio/fs/WindowsException'{0x00000000eabdd870}> (0x00000000eabdd870) 
thrown [s\src\hotspot\share\prims\jni.cpp, line 520]
Event: 20.590 Thread 0x0000020b06c6dc60 Exception <a 'sun/nio/fs/WindowsException'{0x00000000eabde3f8}> (0x00000000eabde3f8) 
thrown [s\src\hotspot\share\prims\jni.cpp, line 520]
Event: 20.590 Thread 0x0000020b06c6dc60 Exception <a 'sun/nio/fs/WindowsException'{0x00000000eabdea28}> (0x00000000eabdea28) 
thrown [s\src\hotspot\share\prims\jni.cpp, line 520]
Event: 20.611 Thread 0x0000020b06c6dc60 Exception <a 'java/lang/IncompatibleClassChangeError'{0x00000000eabb5a90}: Found class java.lang.Object, but interface was expected> (0x00000000eabb5a90) 
thrown [s\src\hotspot\share\interpreter\linkResolver.cpp, line 840]
Event: 20.625 Thread 0x0000020b06c6dc60 Exception <a 'java/lang/IncompatibleClassChangeError'{0x00000000eab31de0}: Found class java.lang.Object, but interface was expected> (0x00000000eab31de0) 
thrown [s\src\hotspot\share\interpreter\linkResolver.cpp, line 840]
Event: 20.625 Thread 0x0000020b06c6dc60 Exception <a 'java/lang/IncompatibleClassChangeError'{0x00000000eab36798}: Found class java.lang.Object, but interface was expected> (0x00000000eab36798) 
thrown [s\src\hotspot\share\interpreter\linkResolver.cpp, line 840]
Event: 20.654 Thread 0x0000020b06c6dc60 Exception <a 'java/lang/NoSuchMethodError'{0x00000000eab8b9a8}: 'java.lang.Object java.lang.invoke.DirectMethodHandle$Holder.invokeStatic(java.lang.Object, java.lang.Object, int, java.lang.Object)'> (0x00000000eab8b9a8) 
thrown [s\src\hotspot\share\interpreter\linkResolver.cpp, line 773]
Event: 20.709 Thread 0x0000020b06c6dc60 Exception <a 'java/lang/IncompatibleClassChangeError'{0x00000000eabb3870}: Found class java.lang.Object, but interface was expected> (0x00000000eabb3870) 
thrown [s\src\hotspot\share\interpreter\linkResolver.cpp, line 840]
Event: 20.713 Thread 0x0000020b06c6dc60 Exception <a 'java/lang/IncompatibleClassChangeError'{0x00000000eaba82c8}: Found class java.lang.Object, but interface was expected> (0x00000000eaba82c8) 
thrown [s\src\hotspot\share\interpreter\linkResolver.cpp, line 840]
Event: 20.759 Thread 0x0000020b0d1da960 Exception <a 'java/lang/NoSuchMethodError'{0x00000000eab5fcc8}: 'int java.lang.invoke.Invokers$Holder.invokeExact_MT(java.lang.Object, java.lang.Object)'> (0x00000000eab5fcc8) 
thrown [s\src\hotspot\share\interpreter\linkResolver.cpp, line 773]
Event: 20.774 Thread 0x0000020b06c6dc60 Exception <a 'java/lang/IncompatibleClassChangeError'{0x00000000eab5f8a8}: Found class java.lang.Object, but interface was expected> (0x00000000eab5f8a8) 
thrown [s\src\hotspot\share\interpreter\linkResolver.cpp, line 840]
Event: 20.781 Thread 0x0000020b04842f30 Exception <a 'sun/nio/fs/WindowsException'{0x00000000eabe4298}> (0x00000000eabe4298) 
thrown [s\src\hotspot\share\prims\jni.cpp, line 520]

ZGC Phase Switch (0 events):
No events

VM Operations (20 events):
Event: 20.741 Executing VM operation: ParallelGCFailedAllocation (Allocation Failure) done
Event: 20.741 Executing VM operation: ParallelGCSystemGC (GCLocker Initiated GC)
Event: 20.742 Executing VM operation: ParallelGCSystemGC (GCLocker Initiated GC) done
Event: 20.750 Executing VM operation: ParallelGCFailedAllocation (Allocation Failure)
Event: 20.750 Executing VM operation: ParallelGCFailedAllocation (Allocation Failure) done
Event: 20.750 Executing VM operation: ParallelGCSystemGC (GCLocker Initiated GC)
Event: 20.752 Executing VM operation: ParallelGCSystemGC (GCLocker Initiated GC) done
Event: 20.757 Executing VM operation: ParallelGCFailedAllocation (Allocation Failure)
Event: 20.758 Executing VM operation: ParallelGCFailedAllocation (Allocation Failure) done
Event: 20.761 Executing VM operation: ParallelGCFailedAllocation (Allocation Failure)
Event: 20.763 Executing VM operation: ParallelGCFailedAllocation (Allocation Failure) done
Event: 20.764 Executing VM operation: ParallelGCFailedAllocation (Allocation Failure)
Event: 20.766 Executing VM operation: ParallelGCFailedAllocation (Allocation Failure) done
Event: 20.769 Executing VM operation: ParallelGCFailedAllocation (Allocation Failure)
Event: 20.770 Executing VM operation: ParallelGCFailedAllocation (Allocation Failure) done
Event: 20.777 Executing VM operation: ParallelGCFailedAllocation (Allocation Failure)
Event: 20.779 Executing VM operation: ParallelGCFailedAllocation (Allocation Failure) done
Event: 20.781 Executing VM operation: ParallelGCFailedAllocation (Allocation Failure)
Event: 20.782 Executing VM operation: ParallelGCFailedAllocation (Allocation Failure) done
Event: 20.789 Executing VM operation: ParallelGCFailedAllocation (Allocation Failure)

Memory protections (0 events):
No events

Nmethod flushes (20 events):
Event: 9.779 Thread 0x0000020b27db6a40 flushing  nmethod 0x0000020b2b9c6090
Event: 9.779 Thread 0x0000020b27db6a40 flushing  nmethod 0x0000020b2b9fa690
Event: 9.779 Thread 0x0000020b27db6a40 flushing  nmethod 0x0000020b2b9fab10
Event: 9.779 Thread 0x0000020b27db6a40 flushing  nmethod 0x0000020b2b9fc610
Event: 9.779 Thread 0x0000020b27db6a40 flushing  nmethod 0x0000020b2b9fe710
Event: 9.779 Thread 0x0000020b27db6a40 flushing  nmethod 0x0000020b2ba01d10
Event: 9.779 Thread 0x0000020b27db6a40 flushing  nmethod 0x0000020b2ba02190
Event: 9.779 Thread 0x0000020b27db6a40 flushing  nmethod 0x0000020b2ba3eb10
Event: 9.779 Thread 0x0000020b27db6a40 flushing  nmethod 0x0000020b2ba89c10
Event: 9.779 Thread 0x0000020b27db6a40 flushing  nmethod 0x0000020b2ba8be90
Event: 9.779 Thread 0x0000020b27db6a40 flushing  nmethod 0x0000020b2ba8c410
Event: 9.779 Thread 0x0000020b27db6a40 flushing  nmethod 0x0000020b2ba8ec90
Event: 9.779 Thread 0x0000020b27db6a40 flushing  nmethod 0x0000020b2ba90590
Event: 9.779 Thread 0x0000020b27db6a40 flushing  nmethod 0x0000020b2ba92090
Event: 9.779 Thread 0x0000020b27db6a40 flushing  nmethod 0x0000020b2ba92a90
Event: 9.779 Thread 0x0000020b27db6a40 flushing  nmethod 0x0000020b2ba9d810
Event: 9.779 Thread 0x0000020b27db6a40 flushing  nmethod 0x0000020b2baa2c90
Event: 9.779 Thread 0x0000020b27db6a40 flushing  nmethod 0x0000020b2baa3e90
Event: 9.779 Thread 0x0000020b27db6a40 flushing osr nmethod 0x0000020b2bab6090
Event: 9.779 Thread 0x0000020b27db6a40 flushing osr nmethod 0x0000020b2bad0310

Events (20 events):
Event: 14.075 Thread 0x0000020b7e7c4750 Thread exited: 0x0000020b7e7c4750
Event: 15.263 Thread 0x0000020b7e7c40b0 Thread exited: 0x0000020b7e7c40b0
Event: 20.238 Thread 0x0000020b7e6c3870 Thread added: 0x0000020b05395df0
Event: 20.312 Thread 0x0000020b06c6dc60 Thread added: 0x0000020b0d1d8f20
Event: 20.315 Thread 0x0000020b06c6dc60 Thread added: 0x0000020b0d1d6130
Event: 20.319 Thread 0x0000020b06c6dc60 Thread added: 0x0000020b0d1d9c40
Event: 20.319 Thread 0x0000020b06c6dc60 Thread added: 0x0000020b0d1d67c0
Event: 20.321 Thread 0x0000020b06c6dc60 Thread added: 0x0000020b0d1da2d0
Event: 20.321 Thread 0x0000020b0d1da2d0 Thread added: 0x0000020b0d1da960
Event: 20.321 Thread 0x0000020b0d1da960 Thread added: 0x0000020b0d1d74e0
Event: 20.322 Thread 0x0000020b0d1d74e0 Thread added: 0x0000020b0d1daff0
Event: 20.322 Thread 0x0000020b7e6c3870 Thread added: 0x0000020b05393510
Event: 20.322 Thread 0x0000020b7e6c3870 Thread added: 0x0000020b05395720
Event: 20.322 Thread 0x0000020b0d1daff0 Thread added: 0x0000020b0d1dd750
Event: 20.323 Thread 0x0000020b0d1dd750 Thread added: 0x0000020b0d1db680
Event: 20.324 Thread 0x0000020b0d1db680 Thread added: 0x0000020b0d1dbd10
Event: 20.329 Thread 0x0000020b7e6c3870 Thread added: 0x0000020b05393be0
Event: 20.332 Thread 0x0000020b05395720 Thread added: 0x0000020b0e828160
Event: 20.380 Thread 0x0000020b05393510 Thread added: 0x0000020b0e829ca0
Event: 20.382 Thread 0x0000020b05393510 Thread added: 0x0000020b0e8273c0


Dynamic libraries:
0x00007ff71d330000 - 0x00007ff71d33e000 	c:\Users\Admin\.vscode\extensions\redhat.java-1.41.1-win32-x64\jre\21.0.6-win32-x86_64\bin\java.exe
0x00007ff9d58e0000 - 0x00007ff9d5b46000 	C:\WINDOWS\SYSTEM32\ntdll.dll
0x00007ff9d4370000 - 0x00007ff9d4439000 	C:\WINDOWS\System32\KERNEL32.DLL
0x00007ff9d2c40000 - 0x00007ff9d300c000 	C:\WINDOWS\System32\KERNELBASE.dll
0x00007ff9d3280000 - 0x00007ff9d33cb000 	C:\WINDOWS\System32\ucrtbase.dll
0x00007ff9ad780000 - 0x00007ff9ad798000 	c:\Users\Admin\.vscode\extensions\redhat.java-1.41.1-win32-x64\jre\21.0.6-win32-x86_64\bin\jli.dll
0x00007ff9ad760000 - 0x00007ff9ad77e000 	c:\Users\Admin\.vscode\extensions\redhat.java-1.41.1-win32-x64\jre\21.0.6-win32-x86_64\bin\VCRUNTIME140.dll
0x00007ff9d53e0000 - 0x00007ff9d55aa000 	C:\WINDOWS\System32\USER32.dll
0x00007ff9c0070000 - 0x00007ff9c030a000 	C:\WINDOWS\WinSxS\amd64_microsoft.windows.common-controls_6595b64144ccf1df_6.0.26100.3912_none_3e07963ce335137e\COMCTL32.dll
0x00007ff9d3010000 - 0x00007ff9d3037000 	C:\WINDOWS\System32\win32u.dll
0x00007ff9d3e80000 - 0x00007ff9d3f29000 	C:\WINDOWS\System32\msvcrt.dll
0x00007ff9d3c30000 - 0x00007ff9d3c5b000 	C:\WINDOWS\System32\GDI32.dll
0x00007ff9d2a70000 - 0x00007ff9d2ba2000 	C:\WINDOWS\System32\gdi32full.dll
0x00007ff9d35f0000 - 0x00007ff9d3693000 	C:\WINDOWS\System32\msvcp_win.dll
0x00007ff9d4440000 - 0x00007ff9d4470000 	C:\WINDOWS\System32\IMM32.DLL
0x00007ff9bff80000 - 0x00007ff9bff8c000 	c:\Users\Admin\.vscode\extensions\redhat.java-1.41.1-win32-x64\jre\21.0.6-win32-x86_64\bin\vcruntime140_1.dll
0x00007ff992bd0000 - 0x00007ff992c5d000 	c:\Users\Admin\.vscode\extensions\redhat.java-1.41.1-win32-x64\jre\21.0.6-win32-x86_64\bin\msvcp140.dll
0x00007ff93a7f0000 - 0x00007ff93b580000 	c:\Users\Admin\.vscode\extensions\redhat.java-1.41.1-win32-x64\jre\21.0.6-win32-x86_64\bin\server\jvm.dll
0x00007ff9d42b0000 - 0x00007ff9d4362000 	C:\WINDOWS\System32\ADVAPI32.dll
0x00007ff9d4ea0000 - 0x00007ff9d4f46000 	C:\WINDOWS\System32\sechost.dll
0x00007ff9d3c60000 - 0x00007ff9d3d76000 	C:\WINDOWS\System32\RPCRT4.dll
0x00007ff9d5700000 - 0x00007ff9d5774000 	C:\WINDOWS\System32\WS2_32.dll
0x00007ff9d2810000 - 0x00007ff9d286e000 	C:\WINDOWS\SYSTEM32\POWRPROF.dll
0x00007ff9c30f0000 - 0x00007ff9c3126000 	C:\WINDOWS\SYSTEM32\WINMM.dll
0x00007ff9cc510000 - 0x00007ff9cc51b000 	C:\WINDOWS\SYSTEM32\VERSION.dll
0x00007ff9d27f0000 - 0x00007ff9d2804000 	C:\WINDOWS\SYSTEM32\UMPDC.dll
0x00007ff9d17f0000 - 0x00007ff9d180a000 	C:\WINDOWS\SYSTEM32\kernel.appcore.dll
0x00007ff9bcfa0000 - 0x00007ff9bcfaa000 	c:\Users\Admin\.vscode\extensions\redhat.java-1.41.1-win32-x64\jre\21.0.6-win32-x86_64\bin\jimage.dll
0x00007ff9c0dd0000 - 0x00007ff9c1011000 	C:\WINDOWS\SYSTEM32\DBGHELP.DLL
0x00007ff9d36a0000 - 0x00007ff9d3a24000 	C:\WINDOWS\System32\combase.dll
0x00007ff9d55b0000 - 0x00007ff9d5690000 	C:\WINDOWS\System32\OLEAUT32.dll
0x00007ff9ac350000 - 0x00007ff9ac389000 	C:\WINDOWS\SYSTEM32\dbgcore.DLL
0x00007ff9d3550000 - 0x00007ff9d35e9000 	C:\WINDOWS\System32\bcryptPrimitives.dll
0x00007ff9bbf50000 - 0x00007ff9bbf5f000 	c:\Users\Admin\.vscode\extensions\redhat.java-1.41.1-win32-x64\jre\21.0.6-win32-x86_64\bin\instrument.dll
0x00007ff9ace00000 - 0x00007ff9ace1f000 	c:\Users\Admin\.vscode\extensions\redhat.java-1.41.1-win32-x64\jre\21.0.6-win32-x86_64\bin\java.dll
0x00007ff9d4490000 - 0x00007ff9d4bbd000 	C:\WINDOWS\System32\SHELL32.dll
0x00007ff9d33d0000 - 0x00007ff9d3544000 	C:\WINDOWS\System32\wintypes.dll
0x00007ff9d06c0000 - 0x00007ff9d0f16000 	C:\WINDOWS\SYSTEM32\windows.storage.dll
0x00007ff9d3d80000 - 0x00007ff9d3e6f000 	C:\WINDOWS\System32\SHCORE.dll
0x00007ff9d4240000 - 0x00007ff9d42a9000 	C:\WINDOWS\System32\shlwapi.dll
0x00007ff9d2980000 - 0x00007ff9d29af000 	C:\WINDOWS\SYSTEM32\profapi.dll
0x00007ff9ac550000 - 0x00007ff9ac568000 	c:\Users\Admin\.vscode\extensions\redhat.java-1.41.1-win32-x64\jre\21.0.6-win32-x86_64\bin\zip.dll
0x00007ff9bbdf0000 - 0x00007ff9bbe00000 	C:\Users\Admin\.vscode\extensions\redhat.java-1.41.1-win32-x64\jre\21.0.6-win32-x86_64\bin\net.dll
0x00007ff9cb740000 - 0x00007ff9cb85e000 	C:\WINDOWS\SYSTEM32\WINHTTP.dll
0x00007ff9d1d40000 - 0x00007ff9d1daa000 	C:\WINDOWS\system32\mswsock.dll
0x00007ff9ac430000 - 0x00007ff9ac446000 	C:\Users\Admin\.vscode\extensions\redhat.java-1.41.1-win32-x64\jre\21.0.6-win32-x86_64\bin\nio.dll
0x00007ff9bbab0000 - 0x00007ff9bbac0000 	c:\Users\Admin\.vscode\extensions\redhat.java-1.41.1-win32-x64\jre\21.0.6-win32-x86_64\bin\verify.dll
0x00007ff9bd010000 - 0x00007ff9bd055000 	C:\Users\Admin\AppData\Roaming\Code\User\globalStorage\redhat.java\1.41.1\config_win\org.eclipse.equinox.launcher\org.eclipse.equinox.launcher.win32.win32.x86_64_1.2.1300.v20250331-1702\eclipse_11911.dll
0x00007ff9d3a30000 - 0x00007ff9d3bcf000 	C:\WINDOWS\System32\ole32.dll
0x00007ff9d2100000 - 0x00007ff9d211c000 	C:\WINDOWS\SYSTEM32\CRYPTSP.dll
0x00007ff9d1750000 - 0x00007ff9d178a000 	C:\WINDOWS\system32\rsaenh.dll
0x00007ff9d1de0000 - 0x00007ff9d1e0b000 	C:\WINDOWS\SYSTEM32\USERENV.dll
0x00007ff9d2950000 - 0x00007ff9d2976000 	C:\WINDOWS\SYSTEM32\bcrypt.dll
0x00007ff9d1f70000 - 0x00007ff9d1f7c000 	C:\WINDOWS\SYSTEM32\CRYPTBASE.dll
0x00007ff9d1210000 - 0x00007ff9d1243000 	C:\WINDOWS\SYSTEM32\IPHLPAPI.DLL
0x00007ff9d3f30000 - 0x00007ff9d3f3a000 	C:\WINDOWS\System32\NSI.dll
0x00007ff992080000 - 0x00007ff9920c9000 	C:\Users\Admin\AppData\Local\Temp\jna--626380378\jna10606366731964910908.dll
0x00007ff9d5810000 - 0x00007ff9d5818000 	C:\WINDOWS\System32\PSAPI.DLL
0x00007ff9cbc80000 - 0x00007ff9cbc9f000 	C:\WINDOWS\SYSTEM32\dhcpcsvc6.DLL
0x00007ff9cb2a0000 - 0x00007ff9cb2c5000 	C:\WINDOWS\SYSTEM32\dhcpcsvc.DLL
0x00007ff9d1910000 - 0x00007ff9d1945000 	C:\WINDOWS\SYSTEM32\ntmarta.dll

dbghelp: loaded successfully - version: 4.0.5 - missing functions: none
symbol engine: initialized successfully - sym options: 0x614 - pdb path: .;c:\Users\Admin\.vscode\extensions\redhat.java-1.41.1-win32-x64\jre\21.0.6-win32-x86_64\bin;C:\WINDOWS\SYSTEM32;C:\WINDOWS\WinSxS\amd64_microsoft.windows.common-controls_6595b64144ccf1df_6.0.26100.3912_none_3e07963ce335137e;c:\Users\Admin\.vscode\extensions\redhat.java-1.41.1-win32-x64\jre\21.0.6-win32-x86_64\bin\server;C:\Users\Admin\AppData\Roaming\Code\User\globalStorage\redhat.java\1.41.1\config_win\org.eclipse.equinox.launcher\org.eclipse.equinox.launcher.win32.win32.x86_64_1.2.1300.v20250331-1702;C:\Users\Admin\AppData\Local\Temp\jna--626380378

VM Arguments:
jvm_args: --add-modules=ALL-SYSTEM --add-opens=java.base/java.util=ALL-UNNAMED --add-opens=java.base/java.lang=ALL-UNNAMED --add-opens=java.base/sun.nio.fs=ALL-UNNAMED -Declipse.application=org.eclipse.jdt.ls.core.id1 -Dosgi.bundles.defaultStartLevel=4 -Declipse.product=org.eclipse.jdt.ls.core.product -Djava.import.generatesMetadataFilesAtProjectRoot=false -DDetectVMInstallationsJob.disabled=true -Dfile.encoding=utf8 -XX:+UseParallelGC -XX:GCTimeRatio=4 -XX:AdaptiveSizePolicyWeight=90 -Dsun.zip.disableMemoryMapping=true -Xmx1G -Xms100m -Xlog:disable -javaagent:c:\Users\Admin\.vscode\extensions\redhat.java-1.41.1-win32-x64\lombok\lombok-1.18.36.jar -XX:+HeapDumpOnOutOfMemoryError -XX:HeapDumpPath=c:\Users\Admin\AppData\Roaming\Code\User\workspaceStorage\9417e68052fc2ca95afb1038ca31e9b9\redhat.java -Daether.dependencyCollector.impl=bf 
java_command: c:\Users\Admin\.vscode\extensions\redhat.java-1.41.1-win32-x64\server\plugins\org.eclipse.equinox.launcher_1.7.0.v20250331-1702.jar -configuration c:\Users\Admin\AppData\Roaming\Code\User\globalStorage\redhat.java\1.41.1\config_win -data c:\Users\Admin\AppData\Roaming\Code\User\workspaceStorage\9417e68052fc2ca95afb1038ca31e9b9\redhat.java\jdt_ws --pipe=\\.\pipe\lsp-73f4da6e1ebe53722086640392800ff8-sock
java_class_path (initial): c:\Users\Admin\.vscode\extensions\redhat.java-1.41.1-win32-x64\server\plugins\org.eclipse.equinox.launcher_1.7.0.v20250331-1702.jar
Launcher Type: SUN_STANDARD

[Global flags]
    uintx AdaptiveSizePolicyWeight                 = 90                                        {product} {command line}
     intx CICompilerCount                          = 12                                        {product} {ergonomic}
    uintx GCTimeRatio                              = 4                                         {product} {command line}
     bool HeapDumpOnOutOfMemoryError               = true                                   {manageable} {command line}
    ccstr HeapDumpPath                             = c:\Users\Admin\AppData\Roaming\Code\User\workspaceStorage\9417e68052fc2ca95afb1038ca31e9b9\redhat.java         {manageable} {command line}
   size_t InitialHeapSize                          = 104857600                                 {product} {command line}
   size_t MaxHeapSize                              = 1073741824                                {product} {command line}
   size_t MaxNewSize                               = 357564416                                 {product} {ergonomic}
   size_t MinHeapDeltaBytes                        = 524288                                    {product} {ergonomic}
   size_t MinHeapSize                              = 104857600                                 {product} {command line}
   size_t NewSize                                  = 34603008                                  {product} {ergonomic}
    uintx NonNMethodCodeHeapSize                   = 7602480                                {pd product} {ergonomic}
    uintx NonProfiledCodeHeapSize                  = 122027880                              {pd product} {ergonomic}
   size_t OldSize                                  = 70254592                                  {product} {ergonomic}
    uintx ProfiledCodeHeapSize                     = 122027880                              {pd product} {ergonomic}
    uintx ReservedCodeCacheSize                    = 251658240                              {pd product} {ergonomic}
     bool SegmentedCodeCache                       = true                                      {product} {ergonomic}
   size_t SoftMaxHeapSize                          = 1073741824                             {manageable} {ergonomic}
     bool UseCompressedOops                        = true                           {product lp64_product} {ergonomic}
     bool UseLargePagesIndividualAllocation        = false                                  {pd product} {ergonomic}
     bool UseParallelGC                            = true                                      {product} {command line}

Logging:
Log output configuration:
 #0: stdout all=off uptime,level,tags foldmultilines=false
 #1: stderr all=off uptime,level,tags foldmultilines=false

Environment Variables:
JAVA_HOME=C:\Program Files\Java\jdk-23
PATH=C:\Program Files\Common Files\Oracle\Java\javapath;C:\Program Files (x86)\Common Files\Oracle\Java\java8path;C:\Program Files (x86)\Common Files\Oracle\Java\javapath;C:\WINDOWS\system32;C:\WINDOWS;C:\WINDOWS\System32\Wbem;C:\WINDOWS\System32\WindowsPowerShell\v1.0\;C:\WINDOWS\System32\OpenSSH\;C:\Program Files (x86)\Intel\Intel(R) Management Engine Components\DAL;C:\Program Files\Intel\Intel(R) Management Engine Components\DAL;C:\Program Files (x86)\dotnet\;C:\Program Files\Microsoft SQL Server\150\Tools\Binn\;C:\Program Files\dotnet\;C:\Program Files\Git\cmd;Program Files\nodejs\;C:\Program Files\nodejs\;C:\Apache\Maven\apache-maven-3.9.9\bin;C:\Users\Admin\AppData\Local\Programs\Python\Launcher\;C:\Users\Admin\AppData\Local\Microsoft\WindowsApps;C:\Users\Admin\.dotnet\tools;C:\Users\Admin\AppData\Local\Programs\Microsoft VS Code\bin;C:\Users\Admin\AppData\Local\GitHubDesktop\bin;C:\Users\Admin\AppData\Roaming\npm;C:\Users\Admin\AppData\Local\Packages\PythonSoftwareFoundation.Python.3.12_qbz5n2kfra8p0\LocalCache\local-packages\Python312\Scripts;C:\Users\Admin\AppData\Local\Programs\Python\Python39\;C:\Users\Admin\AppData\Local\Programs\Python\Python39\Scripts\;
USERNAME=Ashborne
OS=Windows_NT
PROCESSOR_IDENTIFIER=Intel64 Family 6 Model 165 Stepping 5, GenuineIntel
TMP=C:\Users\Admin\AppData\Local\Temp
TEMP=C:\Users\Admin\AppData\Local\Temp




Periodic native trim disabled

---------------  S Y S T E M  ---------------

OS:
 Windows 11 , 64 bit Build 26100 (10.0.26100.3912)
OS uptime: 0 days 18:28 hours
Hyper-V role detected

CPU: total 16 (initial active 16) (8 cores per cpu, 2 threads per core) family 6 model 165 stepping 5 microcode 0xe0, cx8, cmov, fxsr, ht, mmx, 3dnowpref, sse, sse2, sse3, ssse3, sse4.1, sse4.2, popcnt, lzcnt, tsc, tscinvbit, avx, avx2, aes, erms, clmul, bmi1, bmi2, adx, fma, vzeroupper, clflush, clflushopt, hv, rdtscp, f16c
Processor Information for the first 16 processors :
  Max Mhz: 2904, Current Mhz: 2904, Mhz Limit: 2904

Memory: 4k page, system-wide physical 16280M (2155M free)
TotalPageFile size 20376M (AvailPageFile size 1M)
current process WorkingSet (physical memory assigned to process): 1020M, peak: 1023M
current process commit charge ("private bytes"): 1028M, peak: 1030M

vm_info: OpenJDK 64-Bit Server VM (21.0.6+7-LTS) for windows-amd64 JRE (21.0.6+7-LTS), built on 2025-01-21T00:00:00Z by "admin" with MS VC++ 17.7 (VS2022)

END.
